2024-01-17 19:33:42,648 [INFO] Activator:176 - 


2024-01-17 19:33:42,653 [INFO] Activator:177 - !SESSION log4j initialized
2024-01-17 19:33:54,773 [INFO] LogOutputStream:77 - [STDOUT_REDIRECT] 
2024-01-17 19:33:55,581 [ERROR] LogOutputStream:75 - [STDERR_REDIRECT] 
2024-01-17 19:33:56,129 [INFO] LogOutputStream:77 - [STDOUT_REDIRECT] 
2024-01-17 19:33:56,284 [INFO] ApplicationProperties:184 - Using Application install path: /Applications/STM32CubeIDE.app/Contents/Eclipse/plugins/com.st.stm32cube.common.mx_6.9.2.202309101412
2024-01-17 19:33:56,298 [INFO] DbMcusXml:78 - Set database path to: /Applications/STM32CubeIDE.app/Contents/Eclipse/plugins/com.st.stm32cube.common.mx_6.9.2.202309101412//db//mcu/
2024-01-17 19:33:56,298 [INFO] ApiDb:274 - Set plugin database path to: /Applications/STM32CubeIDE.app/Contents/Eclipse/plugins/com.st.stm32cube.common.mx_6.9.2.202309101412//db//plugins/boardmanager/
2024-01-17 19:33:56,298 [WARN] ApiDb:259 - Overriding images path with different value:  => /Applications/STM32CubeIDE.app/Contents/Eclipse/plugins/com.st.stm32cube.common.mx_6.9.2.202309101412//db//plugins/mcufinder/images/
2024-01-17 19:33:56,312 [INFO] ApiDb:250 - Set database path to: /Users/jourdanrampoldi/.stmcufinder/plugins/mcufinder//mcu/
2024-01-17 19:33:56,313 [INFO] DbMcusAds:125 - Set database path to: /Users/jourdanrampoldi/.stmcufinder/plugins/mcufinder//mcu/
2024-01-17 19:33:56,315 [INFO] CrossReferenceDbSqlite:203 - Set database path to: /Users/jourdanrampoldi/.stmcufinder/plugins/mcufinder//mcu/cs/
2024-01-17 19:33:56,453 [INFO] RulesReader:64 - Compatibility file has been processed (293 Rules)
2024-01-17 19:33:56,521 [INFO] DbMcusXml:78 - Set database path to: /Applications/STM32CubeIDE.app/Contents/Eclipse/plugins/com.st.stm32cube.common.mx_6.9.2.202309101412//db//mcu/
2024-01-17 19:33:56,521 [INFO] ApiDb:274 - Set plugin database path to: /Applications/STM32CubeIDE.app/Contents/Eclipse/plugins/com.st.stm32cube.common.mx_6.9.2.202309101412//db//plugins/boardmanager/
2024-01-17 19:33:56,522 [INFO] ApiDb:261 - Set plugin images path to: /Applications/STM32CubeIDE.app/Contents/Eclipse/plugins/com.st.stm32cube.common.mx_6.9.2.202309101412//db//plugins/mcufinder/images/
2024-01-17 19:33:56,522 [WARN] DbFile:41 - Overriding database path with different value: /Users/jourdanrampoldi/.stmcufinder/plugins/mcufinder/ => /Users/jourdanrampoldi/.stmcufinder/plugins/mcufinder
2024-01-17 19:33:56,522 [INFO] ApiDb:250 - Set database path to: /Users/jourdanrampoldi/.stmcufinder/plugins/mcufinder//mcu/
2024-01-17 19:33:56,522 [WARN] DbFile:41 - Overriding database path with different value: /Users/jourdanrampoldi/.stmcufinder/plugins/mcufinder/ => /Users/jourdanrampoldi/.stmcufinder/plugins/mcufinder
2024-01-17 19:33:56,522 [INFO] DbMcusAds:125 - Set database path to: /Users/jourdanrampoldi/.stmcufinder/plugins/mcufinder//mcu/
2024-01-17 19:33:56,522 [WARN] DbFile:41 - Overriding database path with different value: /Users/jourdanrampoldi/.stmcufinder/plugins/mcufinder/ => /Users/jourdanrampoldi/.stmcufinder/plugins/mcufinder
2024-01-17 19:33:56,522 [WARN] DbFile:41 - Overriding database path with different value: /Users/jourdanrampoldi/.stmcufinder/plugins/mcufinder/ => /Users/jourdanrampoldi/.stmcufinder/plugins/mcufinder
2024-01-17 19:33:56,522 [INFO] CrossReferenceDbSqlite:203 - Set database path to: /Users/jourdanrampoldi/.stmcufinder/plugins/mcufinder//mcu/cs/
2024-01-17 19:33:56,588 [INFO] MainPanel:262 - HeapMemory: 268435456
2024-01-17 19:33:56,674 [INFO] DbMcusXml:78 - Set database path to: /Applications/STM32CubeIDE.app/Contents/Eclipse/plugins/com.st.stm32cube.common.mx_6.9.2.202309101412//db//mcu/
2024-01-17 19:33:56,674 [INFO] ApiDb:274 - Set plugin database path to: /Applications/STM32CubeIDE.app/Contents/Eclipse/plugins/com.st.stm32cube.common.mx_6.9.2.202309101412//db//plugins/boardmanager/
2024-01-17 19:33:56,674 [INFO] ApiDb:261 - Set plugin images path to: /Applications/STM32CubeIDE.app/Contents/Eclipse/plugins/com.st.stm32cube.common.mx_6.9.2.202309101412//db//plugins/mcufinder/images/
2024-01-17 19:33:56,675 [WARN] DbFile:41 - Overriding database path with different value: /Users/jourdanrampoldi/.stmcufinder/plugins/mcufinder/ => /Users/jourdanrampoldi/.stmcufinder/plugins/mcufinder
2024-01-17 19:33:56,675 [INFO] ApiDb:250 - Set database path to: /Users/jourdanrampoldi/.stmcufinder/plugins/mcufinder//mcu/
2024-01-17 19:33:56,675 [WARN] DbFile:41 - Overriding database path with different value: /Users/jourdanrampoldi/.stmcufinder/plugins/mcufinder/ => /Users/jourdanrampoldi/.stmcufinder/plugins/mcufinder
2024-01-17 19:33:56,675 [INFO] DbMcusAds:125 - Set database path to: /Users/jourdanrampoldi/.stmcufinder/plugins/mcufinder//mcu/
2024-01-17 19:33:56,675 [WARN] DbFile:41 - Overriding database path with different value: /Users/jourdanrampoldi/.stmcufinder/plugins/mcufinder/ => /Users/jourdanrampoldi/.stmcufinder/plugins/mcufinder
2024-01-17 19:33:56,675 [WARN] DbFile:41 - Overriding database path with different value: /Users/jourdanrampoldi/.stmcufinder/plugins/mcufinder/ => /Users/jourdanrampoldi/.stmcufinder/plugins/mcufinder
2024-01-17 19:33:56,675 [INFO] CrossReferenceDbSqlite:203 - Set database path to: /Users/jourdanrampoldi/.stmcufinder/plugins/mcufinder//mcu/cs/
2024-01-17 19:33:56,692 [INFO] ApplicationProperties:184 - Using Application install path: /Applications/STM32CubeIDE.app/Contents/Eclipse/plugins/com.st.stm32cube.common.mx_6.9.2.202309101412
2024-01-17 19:33:56,693 [INFO] PluginManage:196 - Search for loadable plugins [exclusion list=, ]
2024-01-17 19:33:56,695 [INFO] PluginManage:310 - Check plugin analytics
2024-01-17 19:33:56,872 [INFO] AnalyticsPlugin:253 - Accepted Software Licenses: 
2024-01-17 19:33:56,873 [INFO] AnalyticsPlugin:255 - Accepted CMSIS Pack Licenses: 
2024-01-17 19:33:56,873 [INFO] AnalyticsPlugin:257 - Accepted Firmware Licenses: 
2024-01-17 19:33:56,877 [INFO] PluginManage:359 - Loaded plugin analytics (category:tool,tabindex:-1)
2024-01-17 19:33:56,878 [INFO] PluginManage:310 - Check plugin cadmodel
2024-01-17 19:33:57,032 [INFO] CADModel:105 - Init CAD model plugin
2024-01-17 19:33:57,033 [INFO] PluginManage:359 - Loaded plugin cadmodel (category:power,tabindex:5)
2024-01-17 19:33:57,033 [INFO] PluginManage:310 - Check plugin clock
2024-01-17 19:33:57,050 [INFO] PluginManage:359 - Loaded plugin clock (category:base,tabindex:2)
2024-01-17 19:33:57,050 [INFO] PluginManage:310 - Check plugin ddr
2024-01-17 19:33:57,053 [INFO] PluginManage:359 - Loaded plugin ddr (category:tool,tabindex:6)
2024-01-17 19:33:57,053 [INFO] PluginManage:310 - Check plugin filemanager
2024-01-17 19:33:57,183 [INFO] PluginManage:359 - Loaded plugin filemanager (category:base,tabindex:10)
2024-01-17 19:33:57,184 [INFO] PluginManage:310 - Check plugin ipmanager
2024-01-17 19:33:57,191 [INFO] PluginManage:359 - Loaded plugin ipmanager (category:base,tabindex:5)
2024-01-17 19:33:57,191 [INFO] PluginManage:310 - Check plugin lpbam
2024-01-17 19:33:57,197 [INFO] PluginManage:359 - Loaded plugin lpbam (category:base,tabindex:0)
2024-01-17 19:33:57,198 [INFO] PluginManage:310 - Check plugin memorymap
2024-01-17 19:33:57,207 [INFO] PluginManage:359 - Loaded plugin memorymap (category:base,tabindex:4)
2024-01-17 19:33:57,207 [INFO] PluginManage:310 - Check plugin pinoutandconfiguration
2024-01-17 19:33:57,212 [INFO] PluginManage:359 - Loaded plugin pinoutandconfiguration (category:base,tabindex:1)
2024-01-17 19:33:57,212 [INFO] PluginManage:310 - Check plugin pinoutconfig
2024-01-17 19:33:57,295 [WARN] SupportedApi:132 - Cannot load RTOS API schema: s4s-elt-must-match.1: The content of 'definitions' must match (annotation?, (simpleType | complexType)?, (unique | key | keyref)*)). A problem was found starting at: attribute.
2024-01-17 19:33:57,435 [INFO] PluginManage:359 - Loaded plugin pinoutconfig (category:base,tabindex:0)
2024-01-17 19:33:57,435 [INFO] PluginManage:310 - Check plugin power
2024-01-17 19:33:57,446 [INFO] PluginManage:359 - Loaded plugin power (category:power,tabindex:4)
2024-01-17 19:33:57,446 [INFO] PluginManage:310 - Check plugin projectmanager
2024-01-17 19:33:57,464 [INFO] PluginManage:359 - Loaded plugin projectmanager (category:projectmanager,tabindex:3)
2024-01-17 19:33:57,464 [INFO] PluginManage:310 - Check plugin thirdparty
2024-01-17 19:33:57,621 [INFO] PluginManage:359 - Loaded plugin thirdparty (category:base,tabindex:-1)
2024-01-17 19:33:57,621 [WARN] IntegrityCheckThread:84 - waiting for thirdparty lock release [integrity check]
2024-01-17 19:33:57,622 [INFO] IntegrityCheckThread:86 - entering critical section [integrity check]
2024-01-17 19:33:57,622 [INFO] PluginManage:310 - Check plugin tools
2024-01-17 19:33:57,622 [INFO] ThirdPartyUpdaterWithRetryManager:70 - Updater plugin not ready yet. [1/15]
2024-01-17 19:33:57,625 [INFO] PluginManage:359 - Loaded plugin tools (category:base,tabindex:7)
2024-01-17 19:33:57,625 [INFO] PluginManage:310 - Check plugin tutovideos
2024-01-17 19:33:57,763 [INFO] PluginManage:359 - Loaded plugin tutovideos (category:base,tabindex:-1)
2024-01-17 19:33:57,763 [INFO] PluginManage:310 - Check plugin updater
2024-01-17 19:33:57,779 [INFO] PluginManage:359 - Loaded plugin updater (category:base,tabindex:12)
2024-01-17 19:33:57,780 [INFO] PluginManage:310 - Check plugin userauth
2024-01-17 19:33:57,787 [INFO] UserAuth:113 - Init User Auth plugin
2024-01-17 19:33:57,787 [INFO] PluginManage:359 - Loaded plugin userauth (category:base,tabindex:14)
2024-01-17 19:33:57,788 [INFO] PluginManage:283 - PluginManage : Loaded plugins [17]
2024-01-17 19:33:58,015 [INFO] PinOutPanel:1499 - setPackage(No Configuration,No Configuration)
2024-01-17 19:33:58,124 [INFO] CADModel:165 - CPN selected for project level
2024-01-17 19:33:58,124 [INFO] CADModel:114 - Register for checkConnection events
2024-01-17 19:33:58,137 [INFO] IPUIPlugin:80 - create IPUIPlugin
2024-01-17 19:33:58,137 [INFO] PluginManager:220 - loadIPPluginJar : add mdma
2024-01-17 19:33:58,142 [INFO] IPUIPlugin:80 - create IPUIPlugin
2024-01-17 19:33:58,142 [INFO] PluginManager:220 - loadIPPluginJar : add freertos
2024-01-17 19:33:58,145 [INFO] IPUIPlugin:80 - create IPUIPlugin
2024-01-17 19:33:58,145 [INFO] PluginManager:220 - loadIPPluginJar : add gic
2024-01-17 19:33:58,151 [INFO] IPUIPlugin:80 - create IPUIPlugin
2024-01-17 19:33:58,152 [INFO] PluginManager:220 - loadIPPluginJar : add adc
2024-01-17 19:33:58,153 [INFO] IPUIPlugin:80 - create IPUIPlugin
2024-01-17 19:33:58,154 [INFO] PluginManager:220 - loadIPPluginJar : add gtzc
2024-01-17 19:33:58,155 [INFO] IPUIPlugin:80 - create IPUIPlugin
2024-01-17 19:33:58,155 [INFO] PluginManager:220 - loadIPPluginJar : add quadspi
2024-01-17 19:33:58,156 [INFO] IPUIPlugin:80 - create IPUIPlugin
2024-01-17 19:33:58,156 [INFO] PluginManager:220 - loadIPPluginJar : add aes
2024-01-17 19:33:58,158 [INFO] IPUIPlugin:80 - create IPUIPlugin
2024-01-17 19:33:58,158 [INFO] PluginManager:220 - loadIPPluginJar : add pdm2pcm
2024-01-17 19:33:58,160 [INFO] IPUIPlugin:80 - create IPUIPlugin
2024-01-17 19:33:58,160 [INFO] PluginManager:220 - loadIPPluginJar : add hash
2024-01-17 19:33:58,161 [INFO] IPUIPlugin:80 - create IPUIPlugin
2024-01-17 19:33:58,161 [INFO] PluginManager:220 - loadIPPluginJar : add tim
2024-01-17 19:33:58,162 [INFO] IPUIPlugin:80 - create IPUIPlugin
2024-01-17 19:33:58,162 [INFO] PluginManager:220 - loadIPPluginJar : add tsc
2024-01-17 19:33:58,163 [INFO] IPUIPlugin:80 - create IPUIPlugin
2024-01-17 19:33:58,163 [INFO] PluginManager:220 - loadIPPluginJar : add ts
2024-01-17 19:33:58,165 [INFO] IPUIPlugin:80 - create IPUIPlugin
2024-01-17 19:33:58,165 [INFO] PluginManager:220 - loadIPPluginJar : add can
2024-01-17 19:33:58,166 [INFO] IPUIPlugin:80 - create IPUIPlugin
2024-01-17 19:33:58,166 [INFO] PluginManager:220 - loadIPPluginJar : add dma3
2024-01-17 19:33:58,168 [INFO] IPUIPlugin:80 - create IPUIPlugin
2024-01-17 19:33:58,169 [INFO] PluginManager:220 - loadIPPluginJar : add dfsdm
2024-01-17 19:33:58,170 [INFO] IPUIPlugin:80 - create IPUIPlugin
2024-01-17 19:33:58,170 [INFO] PluginManager:220 - loadIPPluginJar : add spi
2024-01-17 19:33:58,171 [INFO] IPUIPlugin:80 - create IPUIPlugin
2024-01-17 19:33:58,172 [INFO] PluginManager:220 - loadIPPluginJar : add gfxmmu
2024-01-17 19:33:58,173 [INFO] IPUIPlugin:80 - create IPUIPlugin
2024-01-17 19:33:58,173 [INFO] PluginManager:220 - loadIPPluginJar : add genericplugin
2024-01-17 19:33:58,174 [INFO] IPUIPlugin:80 - create IPUIPlugin
2024-01-17 19:33:58,174 [INFO] PluginManager:220 - loadIPPluginJar : add cryp
2024-01-17 19:33:58,195 [INFO] IPUIPlugin:80 - create IPUIPlugin
2024-01-17 19:33:58,195 [INFO] PluginManager:220 - loadIPPluginJar : add gpio
2024-01-17 19:33:58,198 [INFO] IPUIPlugin:80 - create IPUIPlugin
2024-01-17 19:33:58,199 [INFO] PluginManager:220 - loadIPPluginJar : add comp
2024-01-17 19:33:58,203 [INFO] IPUIPlugin:80 - create IPUIPlugin
2024-01-17 19:33:58,203 [INFO] PluginManager:220 - loadIPPluginJar : add tracer_emb
2024-01-17 19:33:58,206 [INFO] IPUIPlugin:80 - create IPUIPlugin
2024-01-17 19:33:58,206 [INFO] PluginManager:220 - loadIPPluginJar : add openamp
2024-01-17 19:33:58,209 [INFO] IPUIPlugin:80 - create IPUIPlugin
2024-01-17 19:33:58,209 [INFO] PluginManager:220 - loadIPPluginJar : add stm32_wpan
2024-01-17 19:33:58,224 [INFO] IPUIPlugin:80 - create IPUIPlugin
2024-01-17 19:33:58,227 [INFO] PluginManager:220 - loadIPPluginJar : add plateformsettings
2024-01-17 19:33:58,231 [INFO] IPUIPlugin:80 - create IPUIPlugin
2024-01-17 19:33:58,232 [INFO] PluginManager:220 - loadIPPluginJar : add ipddr
2024-01-17 19:33:58,234 [INFO] IPUIPlugin:80 - create IPUIPlugin
2024-01-17 19:33:58,234 [INFO] PluginManager:220 - loadIPPluginJar : add usart
2024-01-17 19:33:58,235 [INFO] IPUIPlugin:80 - create IPUIPlugin
2024-01-17 19:33:58,235 [INFO] PluginManager:220 - loadIPPluginJar : add ltdc
2024-01-17 19:33:58,237 [INFO] IPUIPlugin:80 - create IPUIPlugin
2024-01-17 19:33:58,237 [INFO] PluginManager:220 - loadIPPluginJar : add nvic
2024-01-17 19:33:58,238 [INFO] IPUIPlugin:80 - create IPUIPlugin
2024-01-17 19:33:58,238 [INFO] PluginManager:220 - loadIPPluginJar : add fatfs
2024-01-17 19:33:58,243 [INFO] IPUIPlugin:80 - create IPUIPlugin
2024-01-17 19:33:58,243 [INFO] PluginManager:220 - loadIPPluginJar : add linkedlist
2024-01-17 19:33:58,246 [INFO] IPUIPlugin:80 - create IPUIPlugin
2024-01-17 19:33:58,246 [INFO] PluginManager:220 - loadIPPluginJar : add dma
2024-01-17 19:33:58,249 [INFO] IPUIPlugin:80 - create IPUIPlugin
2024-01-17 19:33:58,250 [INFO] PluginManager:220 - loadIPPluginJar : add fmc
2024-01-17 19:33:58,252 [INFO] IPUIPlugin:80 - create IPUIPlugin
2024-01-17 19:33:58,252 [INFO] PluginManager:220 - loadIPPluginJar : add i2s
2024-01-17 19:33:58,253 [INFO] IPUIPlugin:80 - create IPUIPlugin
2024-01-17 19:33:58,253 [INFO] PluginManager:220 - loadIPPluginJar : add ucpd
2024-01-17 19:33:58,254 [INFO] IPUIPlugin:80 - create IPUIPlugin
2024-01-17 19:33:58,254 [INFO] PluginManager:220 - loadIPPluginJar : add lorawan
2024-01-17 19:33:58,256 [INFO] IPUIPlugin:80 - create IPUIPlugin
2024-01-17 19:33:58,256 [INFO] PluginManager:220 - loadIPPluginJar : add opamp
2024-01-17 19:33:58,259 [INFO] IPUIPlugin:80 - create IPUIPlugin
2024-01-17 19:33:58,259 [INFO] PluginManager:220 - loadIPPluginJar : add i3c
2024-01-17 19:33:58,261 [INFO] IPUIPlugin:80 - create IPUIPlugin
2024-01-17 19:33:58,261 [INFO] PluginManager:220 - loadIPPluginJar : add touchsensing
2024-01-17 19:33:58,262 [INFO] IPUIPlugin:80 - create IPUIPlugin
2024-01-17 19:33:58,262 [INFO] PluginManager:220 - loadIPPluginJar : add i2c
2024-01-17 19:33:58,265 [INFO] IPUIPlugin:80 - create IPUIPlugin
2024-01-17 19:33:58,265 [INFO] PluginManager:220 - loadIPPluginJar : add resmgrutility
2024-01-17 19:33:58,269 [INFO] IPUIPlugin:80 - create IPUIPlugin
2024-01-17 19:33:58,269 [INFO] PluginManager:220 - loadIPPluginJar : add sai
2024-01-17 19:33:58,271 [INFO] IPUIPlugin:80 - create IPUIPlugin
2024-01-17 19:33:58,271 [INFO] PluginManager:220 - loadIPPluginJar : add usbx
2024-01-17 19:33:58,400 [INFO] CADModel:165 - CPN selected for project level
2024-01-17 19:33:58,400 [INFO] CADModel:114 - Register for checkConnection events
2024-01-17 19:33:58,402 [FATAL] Updater:308 - Updater called before beeing initialized
2024-01-17 19:33:58,402 [ERROR] CADModel:125 - Updater not yet initialized, retry later 
2024-01-17 19:33:58,685 [INFO] CADModel:165 - CPN selected for project level
2024-01-17 19:33:58,686 [INFO] CADModel:114 - Register for checkConnection events
2024-01-17 19:33:58,687 [FATAL] Updater:308 - Updater called before beeing initialized
2024-01-17 19:33:58,687 [ERROR] CADModel:125 - Updater not yet initialized, retry later 
2024-01-17 19:33:58,689 [FATAL] Updater:308 - Updater called before beeing initialized
2024-01-17 19:33:58,888 [FATAL] Updater:308 - Updater called before beeing initialized
2024-01-17 19:33:58,898 [INFO] DbMcusAds:53 - JSON generation date=Wed Nov 29 04:52:27 CST 2023 (1701255147349)
2024-01-17 19:33:58,898 [FATAL] Updater:308 - Updater called before beeing initialized
2024-01-17 19:33:58,950 [WARN] DetailPanel:346 - Failed to get advertising image, set to default
2024-01-17 19:33:59,020 [FATAL] Updater:308 - Updater called before beeing initialized
2024-01-17 19:33:59,022 [FATAL] Updater:308 - Updater called before beeing initialized
2024-01-17 19:33:59,022 [FATAL] Updater:308 - Updater called before beeing initialized
2024-01-17 19:33:59,022 [WARN] DetailPanel:346 - Failed to get advertising image, set to default
2024-01-17 19:33:59,023 [FATAL] Updater:308 - Updater called before beeing initialized
2024-01-17 19:33:59,131 [ERROR] Updater:1120 - MainUpdater not yet initialized. External WinMGr cannot be set.
2024-01-17 19:33:59,198 [INFO] Updater:1056 - Updater Version found : 6.9.2
2024-01-17 19:33:59,213 [INFO] ApplicationProperties:184 - Using Application install path: /Applications/STM32CubeIDE.app/Contents/Eclipse/plugins/com.st.stm32cube.common.mx_6.9.2.202309101412
2024-01-17 19:34:00,644 [INFO] ThirdPartyUpdaterWithRetryManager:70 - Updater plugin not ready yet. [2/15]
2024-01-17 19:34:03,381 [INFO] MainUpdater:2868 - connection check result : 10
2024-01-17 19:34:03,385 [INFO] MainUpdater:285 - Updater Check For Update Now.
2024-01-17 19:34:03,387 [INFO] MicroXplorer:498 - Change Database Version : DB.6.0.92
2024-01-17 19:34:03,405 [INFO] McuFinderGlobals:63 - Set McuFinder mode to 2 (CubeIDE integrated)
2024-01-17 19:34:03,405 [INFO] UserAuth:179 - activating auth plugin
2024-01-17 19:34:03,431 [INFO] UserAuth:393 - Internet connection configuration mode: 1
2024-01-17 19:34:03,448 [INFO] JxBrowserEngine:151 - Initiate JxBrowser Engine with user profile folder
2024-01-17 19:34:03,655 [INFO] CheckServerUpdateThread:120 - End of CheckServer Thread
2024-01-17 19:34:03,784 [WARN] PackLoader:240 - Cannot read IP mode file for STMicroelectronics.X-CUBE-SMBUS.2.1.0
2024-01-17 19:34:03,850 [WARN] PackLoader:240 - Cannot read IP mode file for STMicroelectronics.X-CUBE-AZRTOS-F7.1.1.0
2024-01-17 19:34:03,882 [WARN] PackLoader:240 - Cannot read IP mode file for STMicroelectronics.FP-SNS-MOTENV1.4.3.2
2024-01-17 19:34:03,906 [WARN] PackLoader:240 - Cannot read IP mode file for STMicroelectronics.FP-SNS-FLIGHT1.5.0.2
2024-01-17 19:34:03,929 [WARN] PackLoader:240 - Cannot read IP mode file for STMicroelectronics.X-CUBE-DISPLAY.3.0.0
2024-01-17 19:34:03,972 [WARN] PackLoader:240 - Cannot read IP mode file for STMicroelectronics.X-CUBE-BLE1.7.0.0
2024-01-17 19:34:03,988 [WARN] PackLoader:240 - Cannot read IP mode file for emotas.I-CUBE-CANOPEN.1.3.0
2024-01-17 19:34:04,001 [WARN] PackLoader:240 - Cannot read IP mode file for STMicroelectronics.X-CUBE-TOUCHGFX.4.22.0
2024-01-17 19:34:04,010 [WARN] PackLoader:240 - Cannot read IP mode file for STMicroelectronics.X-CUBE-TOUCHGFX.4.22.1
2024-01-17 19:34:04,019 [WARN] PackLoader:240 - Cannot read IP mode file for STMicroelectronics.FP-SNS-SMARTAG2.1.2.0
2024-01-17 19:34:04,035 [INFO] LogOutputStream:77 - [STDOUT_REDIRECT] 1 : Invalid condition id : UX_CORESTACK_Condition cause : null
2024-01-17 19:34:04,036 [INFO] LogOutputStream:77 - [STDOUT_REDIRECT] 1 : Invalid condition id : UX_CORESTACK_Condition cause : null
2024-01-17 19:34:04,036 [INFO] LogOutputStream:77 - [STDOUT_REDIRECT] 1 : Invalid condition id : UX_CORESTACK_Condition cause : null
2024-01-17 19:34:04,036 [INFO] LogOutputStream:77 - [STDOUT_REDIRECT] 1 : Invalid condition id : UX_CORESTACK_Condition cause : null
2024-01-17 19:34:04,037 [INFO] LogOutputStream:77 - [STDOUT_REDIRECT] 1 : Invalid condition id : UX_CORESTACK_Condition cause : null
2024-01-17 19:34:04,048 [WARN] PackLoader:240 - Cannot read IP mode file for STMicroelectronics.X-CUBE-AZRTOS-WL.2.0.0
2024-01-17 19:34:04,071 [WARN] PackLoader:240 - Cannot read IP mode file for WES.I-CUBE-Cesium.1.3.0
2024-01-17 19:34:04,078 [WARN] PackLoader:240 - Cannot read IP mode file for STMicroelectronics.X-CUBE-BLE2.3.3.0
2024-01-17 19:34:04,102 [WARN] PackLoader:240 - Cannot read IP mode file for STMicroelectronics.X-CUBE-ALGOBUILD.1.3.0
2024-01-17 19:34:04,131 [WARN] PackLoader:240 - Cannot read IP mode file for STMicroelectronics.X-CUBE-AZRTOS-G0.1.1.0
2024-01-17 19:34:04,147 [WARN] PackLoader:240 - Cannot read IP mode file for STMicroelectronics.X-CUBE-NFC4.3.0.0
2024-01-17 19:34:04,190 [WARN] PackLoader:240 - Cannot read IP mode file for STMicroelectronics.X-CUBE-BLEMGR.3.0.0
2024-01-17 19:34:04,204 [WARN] PackLoader:240 - Cannot read IP mode file for STMicroelectronics.FP-ATR-SIGFOX1.3.2.0
2024-01-17 19:34:04,415 [WARN] PackLoader:240 - Cannot read IP mode file for SEGGER.I-CUBE-embOS.1.3.1
2024-01-17 19:34:04,508 [WARN] PackLoader:240 - Cannot read IP mode file for STMicroelectronics.X-CUBE-GNSS1.6.0.0
2024-01-17 19:34:04,535 [WARN] PackLoader:240 - Cannot read IP mode file for STMicroelectronics.X-CUBE-AZRTOS-F4.1.1.0
2024-01-17 19:34:04,546 [WARN] PackLoader:240 - Cannot read IP mode file for wolfSSL.I-CUBE-wolfSSL.5.6.3
2024-01-17 19:34:04,569 [WARN] PackLoader:240 - Cannot read IP mode file for STMicroelectronics.X-CUBE-AZRTOS-L5.2.0.0
2024-01-17 19:34:04,652 [WARN] PackLoader:240 - Cannot read IP mode file for STMicroelectronics.X-CUBE-MEMS1.9.6.0
2024-01-17 19:34:04,819 [WARN] PackLoader:240 - Cannot read IP mode file for STMicroelectronics.X-CUBE-EEPRMA1.4.2.0
2024-01-17 19:34:04,828 [WARN] PackLoader:240 - Cannot read IP mode file for ITTIA_DB.I-CUBE-ITTIADB.8.8.0
2024-01-17 19:34:04,840 [WARN] PackLoader:240 - Cannot read IP mode file for STMicroelectronics.X-CUBE-BLEMGR.2.0.0
2024-01-17 19:34:04,864 [WARN] ConditionMgr:438 - getConditionDescription Invalid condition id : UX DEVICE CLASS RTOS Condition cause : null
2024-01-17 19:34:04,864 [WARN] ConditionMgr:438 - getConditionDescription Invalid condition id : UX DEVICE CLASS RTOS Condition cause : null
2024-01-17 19:34:04,877 [WARN] PackLoader:240 - Cannot read IP mode file for STMicroelectronics.X-CUBE-AZRTOS-H7.3.1.0
2024-01-17 19:34:04,882 [WARN] ConditionMgr:1039 - genDependencies : Invalid condition id : UX DEVICE CLASS RTOS Condition cause : null
2024-01-17 19:34:04,882 [WARN] ConditionMgr:1039 - genDependencies : Invalid condition id : UX DEVICE CLASS RTOS Condition cause : null
2024-01-17 19:34:04,883 [WARN] ConditionMgr:1039 - genDependencies : Invalid condition id : UX DEVICE CLASS RTOS Condition cause : null
2024-01-17 19:34:04,884 [WARN] ConditionMgr:1039 - genDependencies : Invalid condition id : UX DEVICE CLASS RTOS Condition cause : null
2024-01-17 19:34:04,884 [WARN] ConditionMgr:1039 - genDependencies : Invalid condition id : UX DEVICE CLASS RTOS Condition cause : null
2024-01-17 19:34:04,898 [WARN] PackLoader:240 - Cannot read IP mode file for STMicroelectronics.X-CUBE-NFC7.1.0.1
2024-01-17 19:34:04,914 [WARN] PackLoader:240 - Cannot read IP mode file for STMicroelectronics.X-CUBE-NFC6.3.0.0
2024-01-17 19:34:04,922 [WARN] PackLoader:240 - Cannot read IP mode file for STMicroelectronics.X-CUBE-EEPRMA1.4.1.0
2024-01-17 19:34:04,927 [WARN] PackLoader:240 - Cannot read IP mode file for STMicroelectronics.X-CUBE-AI.8.1.0
2024-01-17 19:34:04,951 [WARN] ConditionMgr:438 - getConditionDescription Invalid condition id : LAN8742 Phy interface Condition cause : null
2024-01-17 19:34:04,952 [WARN] PackLoader:240 - Cannot read IP mode file for STMicroelectronics.X-CUBE-AZRTOS-L4.2.0.0
2024-01-17 19:34:04,954 [WARN] ConditionMgr:1039 - genDependencies : Invalid condition id : LAN8742 Phy interface Condition cause : null
2024-01-17 19:34:04,955 [WARN] ConditionMgr:1039 - genDependencies : Invalid condition id : LAN8742 Phy interface Condition cause : null
2024-01-17 19:34:04,956 [WARN] ConditionMgr:1039 - genDependencies : Invalid condition id : LAN8742 Phy interface Condition cause : null
2024-01-17 19:34:04,980 [WARN] PackLoader:240 - Cannot read IP mode file for STMicroelectronics.X-CUBE-SFXS2LP1.4.0.0
2024-01-17 19:34:04,994 [WARN] PackLoader:240 - Cannot read IP mode file for STMicroelectronics.X-CUBE-ISPU.1.1.0
2024-01-17 19:34:05,011 [WARN] ConditionMgr:438 - getConditionDescription Invalid condition id : UX DEVICE CLASS RTOS Condition cause : null
2024-01-17 19:34:05,011 [WARN] ConditionMgr:438 - getConditionDescription Invalid condition id : UX DEVICE CLASS RTOS Condition cause : null
2024-01-17 19:34:05,015 [WARN] PackLoader:240 - Cannot read IP mode file for STMicroelectronics.X-CUBE-AZRTOS-WB.2.0.0
2024-01-17 19:34:05,016 [WARN] ConditionMgr:1039 - genDependencies : Invalid condition id : UX DEVICE CLASS RTOS Condition cause : null
2024-01-17 19:34:05,016 [WARN] ConditionMgr:1039 - genDependencies : Invalid condition id : UX DEVICE CLASS RTOS Condition cause : null
2024-01-17 19:34:05,016 [WARN] ConditionMgr:1039 - genDependencies : Invalid condition id : UX DEVICE CLASS RTOS Condition cause : null
2024-01-17 19:34:05,017 [WARN] ConditionMgr:1039 - genDependencies : Invalid condition id : UX DEVICE CLASS RTOS Condition cause : null
2024-01-17 19:34:05,017 [WARN] ConditionMgr:1039 - genDependencies : Invalid condition id : UX DEVICE CLASS RTOS Condition cause : null
2024-01-17 19:34:05,033 [WARN] PackLoader:240 - Cannot read IP mode file for STMicroelectronics.X-CUBE-SUBG2.5.0.0
2024-01-17 19:34:05,066 [WARN] PackLoader:240 - Cannot read IP mode file for STMicroelectronics.X-CUBE-TOF1.3.3.1
2024-01-17 19:34:05,163 [WARN] PackLoader:240 - Cannot read IP mode file for STMicroelectronics.X-CUBE-AZRTOS-G4.2.0.0
2024-01-17 19:34:05,188 [WARN] PackLoader:240 - Cannot read IP mode file for Infineon.AIROC-Wi-Fi-Bluetooth-STM32.1.5.1
2024-01-17 19:34:05,197 [WARN] PackLoader:240 - Cannot read IP mode file for STMicroelectronics.FP-SNS-MOTENVWB1.1.3.0
2024-01-17 19:34:05,249 [WARN] PackLoader:240 - Cannot read IP mode file for STMicroelectronics.X-CUBE-MEMS1.10.0.0
2024-01-17 19:34:05,357 [WARN] PackLoader:240 - Cannot read IP mode file for STMicroelectronics.X-CUBE-FREERTOS.1.1.0
2024-01-17 19:34:05,365 [WARN] PackLoader:240 - Cannot read IP mode file for portGmbH.I-Cube-SoM-uGOAL.1.1.0
2024-01-17 19:34:05,374 [WARN] PackLoader:240 - Cannot read IP mode file for STMicroelectronics.X-CUBE-ALS.1.0.1
2024-01-17 19:34:05,380 [WARN] PackLoader:240 - Cannot read IP mode file for STMicroelectronics.FP-ATR-ASTRA1.2.0.0
2024-01-17 19:34:05,387 [INFO] ThirdParty:978 - Integrity check success = true
2024-01-17 19:34:05,387 [INFO] IntegrityCheckThread:100 - exiting critical section [integrity check]
2024-01-17 19:34:05,387 [INFO] IntegrityCheckThread:103 - End integrity checks thread
2024-01-17 19:34:08,418 [INFO] WebApp:157 - Instantiating new browser for Auth
2024-01-17 19:34:09,507 [INFO] WebApp:753 - Register for checkConnection events
2024-01-17 19:34:09,508 [INFO] WebApp:390 - Apply proxy settings
2024-01-17 19:34:09,514 [INFO] WebApp:455 - Chromium authenticates against System proxy
2024-01-17 19:34:09,665 [INFO] WebApp:188 - Starting web application
2024-01-17 19:34:09,665 [INFO] WebApp:520 - Web application path used /Applications/STM32CubeIDE.app/Contents/Eclipse/plugins/com.st.stm32cube.common.mx_6.9.2.202309101412/db/plugins/mcufinder/reactClient1/index.html
2024-01-17 19:34:16,275 [ERROR] LogOutputStream:75 - [STDERR_REDIRECT] SLF4J: Failed to load class "org.slf4j.impl.StaticLoggerBinder".
2024-01-17 19:34:16,278 [ERROR] LogOutputStream:75 - [STDERR_REDIRECT] SLF4J: Defaulting to no-operation (NOP) logger implementation
2024-01-17 19:34:16,278 [ERROR] LogOutputStream:75 - [STDERR_REDIRECT] SLF4J: See http://www.slf4j.org/codes.html#StaticLoggerBinder for further details.
2024-01-17 19:37:46,874 [ERROR] LogOutputStream:75 - [STDERR_REDIRECT] 
2024-01-17 20:02:06,697 [INFO] Activator:176 - 


2024-01-17 20:02:06,699 [INFO] Activator:177 - !SESSION log4j initialized
2024-01-17 20:02:19,081 [INFO] LogOutputStream:77 - [STDOUT_REDIRECT] 
2024-01-17 20:02:20,014 [ERROR] LogOutputStream:75 - [STDERR_REDIRECT] 
2024-01-17 20:02:20,473 [INFO] LogOutputStream:77 - [STDOUT_REDIRECT] 
2024-01-17 20:02:20,631 [INFO] ApplicationProperties:184 - Using Application install path: /Applications/STM32CubeIDE.app/Contents/Eclipse/plugins/com.st.stm32cube.common.mx_6.9.2.202309101412
2024-01-17 20:02:20,646 [INFO] DbMcusXml:78 - Set database path to: /Applications/STM32CubeIDE.app/Contents/Eclipse/plugins/com.st.stm32cube.common.mx_6.9.2.202309101412//db//mcu/
2024-01-17 20:02:20,646 [INFO] ApiDb:274 - Set plugin database path to: /Applications/STM32CubeIDE.app/Contents/Eclipse/plugins/com.st.stm32cube.common.mx_6.9.2.202309101412//db//plugins/boardmanager/
2024-01-17 20:02:20,646 [WARN] ApiDb:259 - Overriding images path with different value:  => /Applications/STM32CubeIDE.app/Contents/Eclipse/plugins/com.st.stm32cube.common.mx_6.9.2.202309101412//db//plugins/mcufinder/images/
2024-01-17 20:02:20,665 [INFO] ApiDb:250 - Set database path to: /Users/jourdanrampoldi/.stmcufinder/plugins/mcufinder//mcu/
2024-01-17 20:02:20,667 [INFO] DbMcusAds:125 - Set database path to: /Users/jourdanrampoldi/.stmcufinder/plugins/mcufinder//mcu/
2024-01-17 20:02:20,669 [INFO] CrossReferenceDbSqlite:203 - Set database path to: /Users/jourdanrampoldi/.stmcufinder/plugins/mcufinder//mcu/cs/
2024-01-17 20:02:20,793 [INFO] RulesReader:64 - Compatibility file has been processed (293 Rules)
2024-01-17 20:02:20,854 [INFO] DbMcusXml:78 - Set database path to: /Applications/STM32CubeIDE.app/Contents/Eclipse/plugins/com.st.stm32cube.common.mx_6.9.2.202309101412//db//mcu/
2024-01-17 20:02:20,855 [INFO] ApiDb:274 - Set plugin database path to: /Applications/STM32CubeIDE.app/Contents/Eclipse/plugins/com.st.stm32cube.common.mx_6.9.2.202309101412//db//plugins/boardmanager/
2024-01-17 20:02:20,856 [INFO] ApiDb:261 - Set plugin images path to: /Applications/STM32CubeIDE.app/Contents/Eclipse/plugins/com.st.stm32cube.common.mx_6.9.2.202309101412//db//plugins/mcufinder/images/
2024-01-17 20:02:20,857 [WARN] DbFile:41 - Overriding database path with different value: /Users/jourdanrampoldi/.stmcufinder/plugins/mcufinder/ => /Users/jourdanrampoldi/.stmcufinder/plugins/mcufinder
2024-01-17 20:02:20,857 [INFO] ApiDb:250 - Set database path to: /Users/jourdanrampoldi/.stmcufinder/plugins/mcufinder//mcu/
2024-01-17 20:02:20,857 [WARN] DbFile:41 - Overriding database path with different value: /Users/jourdanrampoldi/.stmcufinder/plugins/mcufinder/ => /Users/jourdanrampoldi/.stmcufinder/plugins/mcufinder
2024-01-17 20:02:20,857 [INFO] DbMcusAds:125 - Set database path to: /Users/jourdanrampoldi/.stmcufinder/plugins/mcufinder//mcu/
2024-01-17 20:02:20,857 [WARN] DbFile:41 - Overriding database path with different value: /Users/jourdanrampoldi/.stmcufinder/plugins/mcufinder/ => /Users/jourdanrampoldi/.stmcufinder/plugins/mcufinder
2024-01-17 20:02:20,857 [WARN] DbFile:41 - Overriding database path with different value: /Users/jourdanrampoldi/.stmcufinder/plugins/mcufinder/ => /Users/jourdanrampoldi/.stmcufinder/plugins/mcufinder
2024-01-17 20:02:20,857 [INFO] CrossReferenceDbSqlite:203 - Set database path to: /Users/jourdanrampoldi/.stmcufinder/plugins/mcufinder//mcu/cs/
2024-01-17 20:02:20,932 [INFO] MainPanel:262 - HeapMemory: 268435456
2024-01-17 20:02:21,002 [INFO] DbMcusXml:78 - Set database path to: /Applications/STM32CubeIDE.app/Contents/Eclipse/plugins/com.st.stm32cube.common.mx_6.9.2.202309101412//db//mcu/
2024-01-17 20:02:21,003 [INFO] ApiDb:274 - Set plugin database path to: /Applications/STM32CubeIDE.app/Contents/Eclipse/plugins/com.st.stm32cube.common.mx_6.9.2.202309101412//db//plugins/boardmanager/
2024-01-17 20:02:21,003 [INFO] ApiDb:261 - Set plugin images path to: /Applications/STM32CubeIDE.app/Contents/Eclipse/plugins/com.st.stm32cube.common.mx_6.9.2.202309101412//db//plugins/mcufinder/images/
2024-01-17 20:02:21,004 [WARN] DbFile:41 - Overriding database path with different value: /Users/jourdanrampoldi/.stmcufinder/plugins/mcufinder/ => /Users/jourdanrampoldi/.stmcufinder/plugins/mcufinder
2024-01-17 20:02:21,004 [INFO] ApiDb:250 - Set database path to: /Users/jourdanrampoldi/.stmcufinder/plugins/mcufinder//mcu/
2024-01-17 20:02:21,004 [WARN] DbFile:41 - Overriding database path with different value: /Users/jourdanrampoldi/.stmcufinder/plugins/mcufinder/ => /Users/jourdanrampoldi/.stmcufinder/plugins/mcufinder
2024-01-17 20:02:21,004 [INFO] DbMcusAds:125 - Set database path to: /Users/jourdanrampoldi/.stmcufinder/plugins/mcufinder//mcu/
2024-01-17 20:02:21,004 [WARN] DbFile:41 - Overriding database path with different value: /Users/jourdanrampoldi/.stmcufinder/plugins/mcufinder/ => /Users/jourdanrampoldi/.stmcufinder/plugins/mcufinder
2024-01-17 20:02:21,004 [WARN] DbFile:41 - Overriding database path with different value: /Users/jourdanrampoldi/.stmcufinder/plugins/mcufinder/ => /Users/jourdanrampoldi/.stmcufinder/plugins/mcufinder
2024-01-17 20:02:21,005 [INFO] CrossReferenceDbSqlite:203 - Set database path to: /Users/jourdanrampoldi/.stmcufinder/plugins/mcufinder//mcu/cs/
2024-01-17 20:02:21,021 [INFO] ApplicationProperties:184 - Using Application install path: /Applications/STM32CubeIDE.app/Contents/Eclipse/plugins/com.st.stm32cube.common.mx_6.9.2.202309101412
2024-01-17 20:02:21,023 [INFO] PluginManage:196 - Search for loadable plugins [exclusion list=, ]
2024-01-17 20:02:21,027 [INFO] PluginManage:310 - Check plugin analytics
2024-01-17 20:02:21,205 [INFO] AnalyticsPlugin:253 - Accepted Software Licenses: 
2024-01-17 20:02:21,205 [INFO] AnalyticsPlugin:255 - Accepted CMSIS Pack Licenses: 
2024-01-17 20:02:21,205 [INFO] AnalyticsPlugin:257 - Accepted Firmware Licenses: 
2024-01-17 20:02:21,210 [INFO] PluginManage:359 - Loaded plugin analytics (category:tool,tabindex:-1)
2024-01-17 20:02:21,211 [INFO] PluginManage:310 - Check plugin cadmodel
2024-01-17 20:02:21,369 [INFO] CADModel:105 - Init CAD model plugin
2024-01-17 20:02:21,369 [INFO] PluginManage:359 - Loaded plugin cadmodel (category:power,tabindex:5)
2024-01-17 20:02:21,370 [INFO] PluginManage:310 - Check plugin clock
2024-01-17 20:02:21,390 [INFO] PluginManage:359 - Loaded plugin clock (category:base,tabindex:2)
2024-01-17 20:02:21,390 [INFO] PluginManage:310 - Check plugin ddr
2024-01-17 20:02:21,393 [INFO] PluginManage:359 - Loaded plugin ddr (category:tool,tabindex:6)
2024-01-17 20:02:21,393 [INFO] PluginManage:310 - Check plugin filemanager
2024-01-17 20:02:21,522 [INFO] PluginManage:359 - Loaded plugin filemanager (category:base,tabindex:10)
2024-01-17 20:02:21,523 [INFO] PluginManage:310 - Check plugin ipmanager
2024-01-17 20:02:21,529 [INFO] PluginManage:359 - Loaded plugin ipmanager (category:base,tabindex:5)
2024-01-17 20:02:21,529 [INFO] PluginManage:310 - Check plugin lpbam
2024-01-17 20:02:21,536 [INFO] PluginManage:359 - Loaded plugin lpbam (category:base,tabindex:0)
2024-01-17 20:02:21,537 [INFO] PluginManage:310 - Check plugin memorymap
2024-01-17 20:02:21,545 [INFO] PluginManage:359 - Loaded plugin memorymap (category:base,tabindex:4)
2024-01-17 20:02:21,545 [INFO] PluginManage:310 - Check plugin pinoutandconfiguration
2024-01-17 20:02:21,550 [INFO] PluginManage:359 - Loaded plugin pinoutandconfiguration (category:base,tabindex:1)
2024-01-17 20:02:21,551 [INFO] PluginManage:310 - Check plugin pinoutconfig
2024-01-17 20:02:21,634 [WARN] SupportedApi:132 - Cannot load RTOS API schema: s4s-elt-must-match.1: The content of 'definitions' must match (annotation?, (simpleType | complexType)?, (unique | key | keyref)*)). A problem was found starting at: attribute.
2024-01-17 20:02:21,776 [INFO] PluginManage:359 - Loaded plugin pinoutconfig (category:base,tabindex:0)
2024-01-17 20:02:21,776 [INFO] PluginManage:310 - Check plugin power
2024-01-17 20:02:21,784 [INFO] PluginManage:359 - Loaded plugin power (category:power,tabindex:4)
2024-01-17 20:02:21,785 [INFO] PluginManage:310 - Check plugin projectmanager
2024-01-17 20:02:21,809 [INFO] PluginManage:359 - Loaded plugin projectmanager (category:projectmanager,tabindex:3)
2024-01-17 20:02:21,809 [INFO] PluginManage:310 - Check plugin thirdparty
2024-01-17 20:02:21,951 [INFO] PluginManage:359 - Loaded plugin thirdparty (category:base,tabindex:-1)
2024-01-17 20:02:21,951 [INFO] PluginManage:310 - Check plugin tools
2024-01-17 20:02:21,951 [WARN] IntegrityCheckThread:84 - waiting for thirdparty lock release [integrity check]
2024-01-17 20:02:21,951 [INFO] IntegrityCheckThread:86 - entering critical section [integrity check]
2024-01-17 20:02:21,952 [INFO] ThirdPartyUpdaterWithRetryManager:70 - Updater plugin not ready yet. [1/15]
2024-01-17 20:02:21,954 [INFO] PluginManage:359 - Loaded plugin tools (category:base,tabindex:7)
2024-01-17 20:02:21,954 [INFO] PluginManage:310 - Check plugin tutovideos
2024-01-17 20:02:22,143 [INFO] PluginManage:359 - Loaded plugin tutovideos (category:base,tabindex:-1)
2024-01-17 20:02:22,145 [INFO] PluginManage:310 - Check plugin updater
2024-01-17 20:02:22,172 [INFO] PluginManage:359 - Loaded plugin updater (category:base,tabindex:12)
2024-01-17 20:02:22,173 [INFO] PluginManage:310 - Check plugin userauth
2024-01-17 20:02:22,185 [INFO] UserAuth:113 - Init User Auth plugin
2024-01-17 20:02:22,185 [INFO] PluginManage:359 - Loaded plugin userauth (category:base,tabindex:14)
2024-01-17 20:02:22,187 [INFO] PluginManage:283 - PluginManage : Loaded plugins [17]
2024-01-17 20:02:22,543 [INFO] PinOutPanel:1499 - setPackage(No Configuration,No Configuration)
2024-01-17 20:02:22,669 [INFO] CADModel:165 - CPN selected for project level
2024-01-17 20:02:22,669 [INFO] CADModel:114 - Register for checkConnection events
2024-01-17 20:02:22,681 [INFO] IPUIPlugin:80 - create IPUIPlugin
2024-01-17 20:02:22,681 [INFO] PluginManager:220 - loadIPPluginJar : add mdma
2024-01-17 20:02:22,688 [INFO] IPUIPlugin:80 - create IPUIPlugin
2024-01-17 20:02:22,688 [INFO] PluginManager:220 - loadIPPluginJar : add freertos
2024-01-17 20:02:22,691 [INFO] IPUIPlugin:80 - create IPUIPlugin
2024-01-17 20:02:22,692 [INFO] PluginManager:220 - loadIPPluginJar : add gic
2024-01-17 20:02:22,699 [INFO] IPUIPlugin:80 - create IPUIPlugin
2024-01-17 20:02:22,699 [INFO] PluginManager:220 - loadIPPluginJar : add adc
2024-01-17 20:02:22,701 [INFO] IPUIPlugin:80 - create IPUIPlugin
2024-01-17 20:02:22,701 [INFO] PluginManager:220 - loadIPPluginJar : add gtzc
2024-01-17 20:02:22,701 [INFO] IPUIPlugin:80 - create IPUIPlugin
2024-01-17 20:02:22,701 [INFO] PluginManager:220 - loadIPPluginJar : add quadspi
2024-01-17 20:02:22,703 [INFO] IPUIPlugin:80 - create IPUIPlugin
2024-01-17 20:02:22,703 [INFO] PluginManager:220 - loadIPPluginJar : add aes
2024-01-17 20:02:22,704 [INFO] IPUIPlugin:80 - create IPUIPlugin
2024-01-17 20:02:22,704 [INFO] PluginManager:220 - loadIPPluginJar : add pdm2pcm
2024-01-17 20:02:22,705 [INFO] IPUIPlugin:80 - create IPUIPlugin
2024-01-17 20:02:22,706 [INFO] PluginManager:220 - loadIPPluginJar : add hash
2024-01-17 20:02:22,707 [INFO] IPUIPlugin:80 - create IPUIPlugin
2024-01-17 20:02:22,707 [INFO] PluginManager:220 - loadIPPluginJar : add tim
2024-01-17 20:02:22,707 [INFO] IPUIPlugin:80 - create IPUIPlugin
2024-01-17 20:02:22,707 [INFO] PluginManager:220 - loadIPPluginJar : add tsc
2024-01-17 20:02:22,709 [INFO] IPUIPlugin:80 - create IPUIPlugin
2024-01-17 20:02:22,709 [INFO] PluginManager:220 - loadIPPluginJar : add ts
2024-01-17 20:02:22,712 [INFO] IPUIPlugin:80 - create IPUIPlugin
2024-01-17 20:02:22,713 [INFO] PluginManager:220 - loadIPPluginJar : add can
2024-01-17 20:02:22,715 [INFO] IPUIPlugin:80 - create IPUIPlugin
2024-01-17 20:02:22,715 [INFO] PluginManager:220 - loadIPPluginJar : add dma3
2024-01-17 20:02:22,717 [INFO] IPUIPlugin:80 - create IPUIPlugin
2024-01-17 20:02:22,717 [INFO] PluginManager:220 - loadIPPluginJar : add dfsdm
2024-01-17 20:02:22,720 [INFO] IPUIPlugin:80 - create IPUIPlugin
2024-01-17 20:02:22,720 [INFO] PluginManager:220 - loadIPPluginJar : add spi
2024-01-17 20:02:22,722 [INFO] IPUIPlugin:80 - create IPUIPlugin
2024-01-17 20:02:22,722 [INFO] PluginManager:220 - loadIPPluginJar : add gfxmmu
2024-01-17 20:02:22,723 [INFO] IPUIPlugin:80 - create IPUIPlugin
2024-01-17 20:02:22,723 [INFO] PluginManager:220 - loadIPPluginJar : add genericplugin
2024-01-17 20:02:22,724 [INFO] IPUIPlugin:80 - create IPUIPlugin
2024-01-17 20:02:22,724 [INFO] PluginManager:220 - loadIPPluginJar : add cryp
2024-01-17 20:02:22,725 [INFO] IPUIPlugin:80 - create IPUIPlugin
2024-01-17 20:02:22,726 [INFO] PluginManager:220 - loadIPPluginJar : add gpio
2024-01-17 20:02:22,726 [INFO] IPUIPlugin:80 - create IPUIPlugin
2024-01-17 20:02:22,727 [INFO] PluginManager:220 - loadIPPluginJar : add comp
2024-01-17 20:02:22,729 [INFO] IPUIPlugin:80 - create IPUIPlugin
2024-01-17 20:02:22,729 [INFO] PluginManager:220 - loadIPPluginJar : add tracer_emb
2024-01-17 20:02:22,731 [INFO] IPUIPlugin:80 - create IPUIPlugin
2024-01-17 20:02:22,731 [INFO] PluginManager:220 - loadIPPluginJar : add openamp
2024-01-17 20:02:22,735 [INFO] IPUIPlugin:80 - create IPUIPlugin
2024-01-17 20:02:22,735 [INFO] PluginManager:220 - loadIPPluginJar : add stm32_wpan
2024-01-17 20:02:22,738 [INFO] IPUIPlugin:80 - create IPUIPlugin
2024-01-17 20:02:22,740 [INFO] PluginManager:220 - loadIPPluginJar : add plateformsettings
2024-01-17 20:02:22,742 [INFO] IPUIPlugin:80 - create IPUIPlugin
2024-01-17 20:02:22,742 [INFO] PluginManager:220 - loadIPPluginJar : add ipddr
2024-01-17 20:02:22,744 [INFO] IPUIPlugin:80 - create IPUIPlugin
2024-01-17 20:02:22,744 [INFO] PluginManager:220 - loadIPPluginJar : add usart
2024-01-17 20:02:22,745 [INFO] IPUIPlugin:80 - create IPUIPlugin
2024-01-17 20:02:22,745 [INFO] PluginManager:220 - loadIPPluginJar : add ltdc
2024-01-17 20:02:22,747 [INFO] IPUIPlugin:80 - create IPUIPlugin
2024-01-17 20:02:22,748 [INFO] PluginManager:220 - loadIPPluginJar : add nvic
2024-01-17 20:02:22,748 [INFO] IPUIPlugin:80 - create IPUIPlugin
2024-01-17 20:02:22,748 [INFO] PluginManager:220 - loadIPPluginJar : add fatfs
2024-01-17 20:02:22,754 [INFO] IPUIPlugin:80 - create IPUIPlugin
2024-01-17 20:02:22,754 [INFO] PluginManager:220 - loadIPPluginJar : add linkedlist
2024-01-17 20:02:22,759 [INFO] IPUIPlugin:80 - create IPUIPlugin
2024-01-17 20:02:22,759 [INFO] PluginManager:220 - loadIPPluginJar : add dma
2024-01-17 20:02:22,762 [INFO] IPUIPlugin:80 - create IPUIPlugin
2024-01-17 20:02:22,763 [INFO] PluginManager:220 - loadIPPluginJar : add fmc
2024-01-17 20:02:22,764 [INFO] IPUIPlugin:80 - create IPUIPlugin
2024-01-17 20:02:22,765 [INFO] PluginManager:220 - loadIPPluginJar : add i2s
2024-01-17 20:02:22,766 [INFO] IPUIPlugin:80 - create IPUIPlugin
2024-01-17 20:02:22,766 [INFO] PluginManager:220 - loadIPPluginJar : add ucpd
2024-01-17 20:02:22,767 [INFO] IPUIPlugin:80 - create IPUIPlugin
2024-01-17 20:02:22,768 [INFO] PluginManager:220 - loadIPPluginJar : add lorawan
2024-01-17 20:02:22,769 [INFO] IPUIPlugin:80 - create IPUIPlugin
2024-01-17 20:02:22,769 [INFO] PluginManager:220 - loadIPPluginJar : add opamp
2024-01-17 20:02:22,770 [INFO] IPUIPlugin:80 - create IPUIPlugin
2024-01-17 20:02:22,770 [INFO] PluginManager:220 - loadIPPluginJar : add i3c
2024-01-17 20:02:22,772 [INFO] IPUIPlugin:80 - create IPUIPlugin
2024-01-17 20:02:22,772 [INFO] PluginManager:220 - loadIPPluginJar : add touchsensing
2024-01-17 20:02:22,773 [INFO] IPUIPlugin:80 - create IPUIPlugin
2024-01-17 20:02:22,774 [INFO] PluginManager:220 - loadIPPluginJar : add i2c
2024-01-17 20:02:22,776 [INFO] IPUIPlugin:80 - create IPUIPlugin
2024-01-17 20:02:22,776 [INFO] PluginManager:220 - loadIPPluginJar : add resmgrutility
2024-01-17 20:02:22,778 [INFO] IPUIPlugin:80 - create IPUIPlugin
2024-01-17 20:02:22,778 [INFO] PluginManager:220 - loadIPPluginJar : add sai
2024-01-17 20:02:22,779 [INFO] IPUIPlugin:80 - create IPUIPlugin
2024-01-17 20:02:22,780 [INFO] PluginManager:220 - loadIPPluginJar : add usbx
2024-01-17 20:02:22,909 [INFO] CADModel:165 - CPN selected for project level
2024-01-17 20:02:22,910 [INFO] CADModel:114 - Register for checkConnection events
2024-01-17 20:02:22,910 [FATAL] Updater:308 - Updater called before beeing initialized
2024-01-17 20:02:22,910 [ERROR] CADModel:125 - Updater not yet initialized, retry later 
2024-01-17 20:02:23,117 [INFO] CADModel:165 - CPN selected for project level
2024-01-17 20:02:23,118 [INFO] CADModel:114 - Register for checkConnection events
2024-01-17 20:02:23,118 [FATAL] Updater:308 - Updater called before beeing initialized
2024-01-17 20:02:23,118 [ERROR] CADModel:125 - Updater not yet initialized, retry later 
2024-01-17 20:02:23,122 [FATAL] Updater:308 - Updater called before beeing initialized
2024-01-17 20:02:23,423 [FATAL] Updater:308 - Updater called before beeing initialized
2024-01-17 20:02:23,433 [INFO] DbMcusAds:53 - JSON generation date=Wed Nov 29 04:52:27 CST 2023 (1701255147349)
2024-01-17 20:02:23,433 [FATAL] Updater:308 - Updater called before beeing initialized
2024-01-17 20:02:23,487 [WARN] DetailPanel:346 - Failed to get advertising image, set to default
2024-01-17 20:02:23,634 [FATAL] Updater:308 - Updater called before beeing initialized
2024-01-17 20:02:23,644 [FATAL] Updater:308 - Updater called before beeing initialized
2024-01-17 20:02:23,644 [FATAL] Updater:308 - Updater called before beeing initialized
2024-01-17 20:02:23,644 [WARN] DetailPanel:346 - Failed to get advertising image, set to default
2024-01-17 20:02:23,647 [FATAL] Updater:308 - Updater called before beeing initialized
2024-01-17 20:02:23,782 [ERROR] Updater:1120 - MainUpdater not yet initialized. External WinMGr cannot be set.
2024-01-17 20:02:23,792 [INFO] Updater:1056 - Updater Version found : 6.9.2
2024-01-17 20:02:23,811 [INFO] ApplicationProperties:184 - Using Application install path: /Applications/STM32CubeIDE.app/Contents/Eclipse/plugins/com.st.stm32cube.common.mx_6.9.2.202309101412
2024-01-17 20:02:24,960 [INFO] ThirdPartyUpdaterWithRetryManager:70 - Updater plugin not ready yet. [2/15]
2024-01-17 20:02:25,447 [INFO] MainUpdater:2868 - connection check result : 10
2024-01-17 20:02:25,450 [INFO] MainUpdater:285 - Updater Check For Update Now.
2024-01-17 20:02:25,452 [INFO] MicroXplorer:498 - Change Database Version : DB.6.0.92
2024-01-17 20:02:25,474 [INFO] McuFinderGlobals:63 - Set McuFinder mode to 2 (CubeIDE integrated)
2024-01-17 20:02:25,475 [INFO] UserAuth:179 - activating auth plugin
2024-01-17 20:02:25,498 [INFO] UserAuth:393 - Internet connection configuration mode: 1
2024-01-17 20:02:25,516 [INFO] JxBrowserEngine:151 - Initiate JxBrowser Engine with user profile folder
2024-01-17 20:02:25,795 [INFO] CheckServerUpdateThread:120 - End of CheckServer Thread
2024-01-17 20:02:28,270 [WARN] PackLoader:240 - Cannot read IP mode file for STMicroelectronics.X-CUBE-SMBUS.2.1.0
2024-01-17 20:02:28,475 [WARN] PackLoader:240 - Cannot read IP mode file for STMicroelectronics.X-CUBE-AZRTOS-F7.1.1.0
2024-01-17 20:02:28,513 [WARN] PackLoader:240 - Cannot read IP mode file for STMicroelectronics.FP-SNS-MOTENV1.4.3.2
2024-01-17 20:02:28,541 [WARN] PackLoader:240 - Cannot read IP mode file for STMicroelectronics.FP-SNS-FLIGHT1.5.0.2
2024-01-17 20:02:28,561 [WARN] PackLoader:240 - Cannot read IP mode file for STMicroelectronics.X-CUBE-DISPLAY.3.0.0
2024-01-17 20:02:28,615 [WARN] PackLoader:240 - Cannot read IP mode file for STMicroelectronics.X-CUBE-BLE1.7.0.0
2024-01-17 20:02:28,642 [WARN] PackLoader:240 - Cannot read IP mode file for emotas.I-CUBE-CANOPEN.1.3.0
2024-01-17 20:02:28,653 [WARN] PackLoader:240 - Cannot read IP mode file for STMicroelectronics.X-CUBE-TOUCHGFX.4.22.0
2024-01-17 20:02:28,661 [WARN] PackLoader:240 - Cannot read IP mode file for STMicroelectronics.X-CUBE-TOUCHGFX.4.22.1
2024-01-17 20:02:28,674 [WARN] PackLoader:240 - Cannot read IP mode file for STMicroelectronics.FP-SNS-SMARTAG2.1.2.0
2024-01-17 20:02:28,697 [INFO] LogOutputStream:77 - [STDOUT_REDIRECT] 1 : Invalid condition id : UX_CORESTACK_Condition cause : null
2024-01-17 20:02:28,702 [INFO] LogOutputStream:77 - [STDOUT_REDIRECT] 1 : Invalid condition id : UX_CORESTACK_Condition cause : null
2024-01-17 20:02:28,702 [INFO] LogOutputStream:77 - [STDOUT_REDIRECT] 1 : Invalid condition id : UX_CORESTACK_Condition cause : null
2024-01-17 20:02:28,703 [INFO] LogOutputStream:77 - [STDOUT_REDIRECT] 1 : Invalid condition id : UX_CORESTACK_Condition cause : null
2024-01-17 20:02:28,703 [INFO] LogOutputStream:77 - [STDOUT_REDIRECT] 1 : Invalid condition id : UX_CORESTACK_Condition cause : null
2024-01-17 20:02:28,733 [WARN] PackLoader:240 - Cannot read IP mode file for STMicroelectronics.X-CUBE-AZRTOS-WL.2.0.0
2024-01-17 20:02:28,812 [WARN] PackLoader:240 - Cannot read IP mode file for WES.I-CUBE-Cesium.1.3.0
2024-01-17 20:02:28,828 [WARN] PackLoader:240 - Cannot read IP mode file for STMicroelectronics.X-CUBE-BLE2.3.3.0
2024-01-17 20:02:28,854 [WARN] PackLoader:240 - Cannot read IP mode file for STMicroelectronics.X-CUBE-ALGOBUILD.1.3.0
2024-01-17 20:02:28,903 [WARN] PackLoader:240 - Cannot read IP mode file for STMicroelectronics.X-CUBE-AZRTOS-G0.1.1.0
2024-01-17 20:02:28,940 [WARN] PackLoader:240 - Cannot read IP mode file for STMicroelectronics.X-CUBE-NFC4.3.0.0
2024-01-17 20:02:29,009 [WARN] PackLoader:240 - Cannot read IP mode file for STMicroelectronics.X-CUBE-BLEMGR.3.0.0
2024-01-17 20:02:29,037 [WARN] PackLoader:240 - Cannot read IP mode file for STMicroelectronics.FP-ATR-SIGFOX1.3.2.0
2024-01-17 20:02:29,150 [WARN] PackLoader:240 - Cannot read IP mode file for SEGGER.I-CUBE-embOS.1.3.1
2024-01-17 20:02:29,375 [WARN] PackLoader:240 - Cannot read IP mode file for STMicroelectronics.X-CUBE-GNSS1.6.0.0
2024-01-17 20:02:29,549 [WARN] PackLoader:240 - Cannot read IP mode file for STMicroelectronics.X-CUBE-AZRTOS-F4.1.1.0
2024-01-17 20:02:29,585 [WARN] PackLoader:240 - Cannot read IP mode file for wolfSSL.I-CUBE-wolfSSL.5.6.3
2024-01-17 20:02:29,638 [WARN] PackLoader:240 - Cannot read IP mode file for STMicroelectronics.X-CUBE-AZRTOS-L5.2.0.0
2024-01-17 20:02:29,746 [INFO] WebApp:157 - Instantiating new browser for Auth
2024-01-17 20:02:29,814 [WARN] PackLoader:240 - Cannot read IP mode file for STMicroelectronics.X-CUBE-MEMS1.9.6.0
2024-01-17 20:02:30,225 [WARN] PackLoader:240 - Cannot read IP mode file for STMicroelectronics.X-CUBE-EEPRMA1.4.2.0
2024-01-17 20:02:30,294 [WARN] PackLoader:240 - Cannot read IP mode file for ITTIA_DB.I-CUBE-ITTIADB.8.8.0
2024-01-17 20:02:30,321 [WARN] PackLoader:240 - Cannot read IP mode file for STMicroelectronics.X-CUBE-BLEMGR.2.0.0
2024-01-17 20:02:30,389 [WARN] ConditionMgr:438 - getConditionDescription Invalid condition id : UX DEVICE CLASS RTOS Condition cause : null
2024-01-17 20:02:30,407 [WARN] ConditionMgr:438 - getConditionDescription Invalid condition id : UX DEVICE CLASS RTOS Condition cause : null
2024-01-17 20:02:30,428 [WARN] PackLoader:240 - Cannot read IP mode file for STMicroelectronics.X-CUBE-AZRTOS-H7.3.1.0
2024-01-17 20:02:30,558 [WARN] ConditionMgr:1039 - genDependencies : Invalid condition id : UX DEVICE CLASS RTOS Condition cause : null
2024-01-17 20:02:30,571 [WARN] ConditionMgr:1039 - genDependencies : Invalid condition id : UX DEVICE CLASS RTOS Condition cause : null
2024-01-17 20:02:30,573 [WARN] ConditionMgr:1039 - genDependencies : Invalid condition id : UX DEVICE CLASS RTOS Condition cause : null
2024-01-17 20:02:30,574 [WARN] ConditionMgr:1039 - genDependencies : Invalid condition id : UX DEVICE CLASS RTOS Condition cause : null
2024-01-17 20:02:30,574 [WARN] ConditionMgr:1039 - genDependencies : Invalid condition id : UX DEVICE CLASS RTOS Condition cause : null
2024-01-17 20:02:30,697 [WARN] PackLoader:240 - Cannot read IP mode file for STMicroelectronics.X-CUBE-NFC7.1.0.1
2024-01-17 20:02:30,733 [WARN] PackLoader:240 - Cannot read IP mode file for STMicroelectronics.X-CUBE-NFC6.3.0.0
2024-01-17 20:02:30,771 [WARN] PackLoader:240 - Cannot read IP mode file for STMicroelectronics.X-CUBE-EEPRMA1.4.1.0
2024-01-17 20:02:30,801 [WARN] PackLoader:240 - Cannot read IP mode file for STMicroelectronics.X-CUBE-AI.8.1.0
2024-01-17 20:02:30,845 [WARN] ConditionMgr:438 - getConditionDescription Invalid condition id : LAN8742 Phy interface Condition cause : null
2024-01-17 20:02:30,848 [WARN] PackLoader:240 - Cannot read IP mode file for STMicroelectronics.X-CUBE-AZRTOS-L4.2.0.0
2024-01-17 20:02:30,855 [WARN] ConditionMgr:1039 - genDependencies : Invalid condition id : LAN8742 Phy interface Condition cause : null
2024-01-17 20:02:30,856 [WARN] ConditionMgr:1039 - genDependencies : Invalid condition id : LAN8742 Phy interface Condition cause : null
2024-01-17 20:02:30,857 [WARN] ConditionMgr:1039 - genDependencies : Invalid condition id : LAN8742 Phy interface Condition cause : null
2024-01-17 20:02:30,897 [WARN] PackLoader:240 - Cannot read IP mode file for STMicroelectronics.X-CUBE-SFXS2LP1.4.0.0
2024-01-17 20:02:30,908 [WARN] PackLoader:240 - Cannot read IP mode file for STMicroelectronics.X-CUBE-ISPU.1.1.0
2024-01-17 20:02:30,921 [WARN] ConditionMgr:438 - getConditionDescription Invalid condition id : UX DEVICE CLASS RTOS Condition cause : null
2024-01-17 20:02:30,921 [WARN] ConditionMgr:438 - getConditionDescription Invalid condition id : UX DEVICE CLASS RTOS Condition cause : null
2024-01-17 20:02:30,925 [WARN] PackLoader:240 - Cannot read IP mode file for STMicroelectronics.X-CUBE-AZRTOS-WB.2.0.0
2024-01-17 20:02:30,926 [WARN] ConditionMgr:1039 - genDependencies : Invalid condition id : UX DEVICE CLASS RTOS Condition cause : null
2024-01-17 20:02:30,927 [WARN] ConditionMgr:1039 - genDependencies : Invalid condition id : UX DEVICE CLASS RTOS Condition cause : null
2024-01-17 20:02:30,927 [WARN] ConditionMgr:1039 - genDependencies : Invalid condition id : UX DEVICE CLASS RTOS Condition cause : null
2024-01-17 20:02:30,929 [WARN] ConditionMgr:1039 - genDependencies : Invalid condition id : UX DEVICE CLASS RTOS Condition cause : null
2024-01-17 20:02:30,930 [WARN] ConditionMgr:1039 - genDependencies : Invalid condition id : UX DEVICE CLASS RTOS Condition cause : null
2024-01-17 20:02:30,945 [WARN] PackLoader:240 - Cannot read IP mode file for STMicroelectronics.X-CUBE-SUBG2.5.0.0
2024-01-17 20:02:30,981 [WARN] PackLoader:240 - Cannot read IP mode file for STMicroelectronics.X-CUBE-TOF1.3.3.1
2024-01-17 20:02:31,024 [WARN] PackLoader:240 - Cannot read IP mode file for STMicroelectronics.X-CUBE-AZRTOS-G4.2.0.0
2024-01-17 20:02:31,049 [WARN] PackLoader:240 - Cannot read IP mode file for Infineon.AIROC-Wi-Fi-Bluetooth-STM32.1.5.1
2024-01-17 20:02:31,060 [WARN] PackLoader:240 - Cannot read IP mode file for STMicroelectronics.FP-SNS-MOTENVWB1.1.3.0
2024-01-17 20:02:31,134 [WARN] PackLoader:240 - Cannot read IP mode file for STMicroelectronics.X-CUBE-MEMS1.10.0.0
2024-01-17 20:02:31,240 [WARN] PackLoader:240 - Cannot read IP mode file for STMicroelectronics.X-CUBE-FREERTOS.1.1.0
2024-01-17 20:02:31,254 [WARN] PackLoader:240 - Cannot read IP mode file for portGmbH.I-Cube-SoM-uGOAL.1.1.0
2024-01-17 20:02:31,254 [INFO] WebApp:753 - Register for checkConnection events
2024-01-17 20:02:31,256 [INFO] WebApp:390 - Apply proxy settings
2024-01-17 20:02:31,263 [INFO] WebApp:455 - Chromium authenticates against System proxy
2024-01-17 20:02:31,264 [WARN] PackLoader:240 - Cannot read IP mode file for STMicroelectronics.X-CUBE-ALS.1.0.1
2024-01-17 20:02:31,267 [WARN] PackLoader:240 - Cannot read IP mode file for STMicroelectronics.FP-ATR-ASTRA1.2.0.0
2024-01-17 20:02:31,269 [INFO] ThirdParty:978 - Integrity check success = true
2024-01-17 20:02:31,269 [INFO] IntegrityCheckThread:100 - exiting critical section [integrity check]
2024-01-17 20:02:31,269 [INFO] IntegrityCheckThread:103 - End integrity checks thread
2024-01-17 20:02:31,641 [INFO] WebApp:188 - Starting web application
2024-01-17 20:02:31,646 [INFO] WebApp:520 - Web application path used /Applications/STM32CubeIDE.app/Contents/Eclipse/plugins/com.st.stm32cube.common.mx_6.9.2.202309101412/db/plugins/mcufinder/reactClient1/index.html
2024-01-17 20:02:40,994 [ERROR] LogOutputStream:75 - [STDERR_REDIRECT] SLF4J: Failed to load class "org.slf4j.impl.StaticLoggerBinder".
2024-01-17 20:02:40,995 [ERROR] LogOutputStream:75 - [STDERR_REDIRECT] SLF4J: Defaulting to no-operation (NOP) logger implementation
2024-01-17 20:02:40,996 [ERROR] LogOutputStream:75 - [STDERR_REDIRECT] SLF4J: See http://www.slf4j.org/codes.html#StaticLoggerBinder for further details.
2024-01-17 20:19:04,427 [ERROR] LogOutputStream:75 - [STDERR_REDIRECT] 
2024-01-17 20:20:43,944 [INFO] Activator:176 - 


2024-01-17 20:20:43,946 [INFO] Activator:177 - !SESSION log4j initialized
2024-01-17 20:20:56,114 [INFO] LogOutputStream:77 - [STDOUT_REDIRECT] 
2024-01-17 20:20:57,010 [ERROR] LogOutputStream:75 - [STDERR_REDIRECT] 
2024-01-17 20:21:01,159 [INFO] LogOutputStream:77 - [STDOUT_REDIRECT] 
2024-01-17 20:21:01,261 [INFO] ApplicationProperties:184 - Using Application install path: /Applications/STM32CubeIDE.app/Contents/Eclipse/plugins/com.st.stm32cube.common.mx_6.9.2.202309101412
2024-01-17 20:21:01,274 [INFO] DbMcusXml:78 - Set database path to: /Applications/STM32CubeIDE.app/Contents/Eclipse/plugins/com.st.stm32cube.common.mx_6.9.2.202309101412//db//mcu/
2024-01-17 20:21:01,275 [INFO] ApiDb:274 - Set plugin database path to: /Applications/STM32CubeIDE.app/Contents/Eclipse/plugins/com.st.stm32cube.common.mx_6.9.2.202309101412//db//plugins/boardmanager/
2024-01-17 20:21:01,275 [WARN] ApiDb:259 - Overriding images path with different value:  => /Applications/STM32CubeIDE.app/Contents/Eclipse/plugins/com.st.stm32cube.common.mx_6.9.2.202309101412//db//plugins/mcufinder/images/
2024-01-17 20:21:01,290 [INFO] ApiDb:250 - Set database path to: /Users/jourdanrampoldi/.stmcufinder/plugins/mcufinder//mcu/
2024-01-17 20:21:01,291 [INFO] DbMcusAds:125 - Set database path to: /Users/jourdanrampoldi/.stmcufinder/plugins/mcufinder//mcu/
2024-01-17 20:21:01,293 [INFO] CrossReferenceDbSqlite:203 - Set database path to: /Users/jourdanrampoldi/.stmcufinder/plugins/mcufinder//mcu/cs/
2024-01-17 20:21:01,408 [INFO] RulesReader:64 - Compatibility file has been processed (293 Rules)
2024-01-17 20:21:01,476 [INFO] DbMcusXml:78 - Set database path to: /Applications/STM32CubeIDE.app/Contents/Eclipse/plugins/com.st.stm32cube.common.mx_6.9.2.202309101412//db//mcu/
2024-01-17 20:21:01,477 [INFO] ApiDb:274 - Set plugin database path to: /Applications/STM32CubeIDE.app/Contents/Eclipse/plugins/com.st.stm32cube.common.mx_6.9.2.202309101412//db//plugins/boardmanager/
2024-01-17 20:21:01,477 [INFO] ApiDb:261 - Set plugin images path to: /Applications/STM32CubeIDE.app/Contents/Eclipse/plugins/com.st.stm32cube.common.mx_6.9.2.202309101412//db//plugins/mcufinder/images/
2024-01-17 20:21:01,477 [WARN] DbFile:41 - Overriding database path with different value: /Users/jourdanrampoldi/.stmcufinder/plugins/mcufinder/ => /Users/jourdanrampoldi/.stmcufinder/plugins/mcufinder
2024-01-17 20:21:01,477 [INFO] ApiDb:250 - Set database path to: /Users/jourdanrampoldi/.stmcufinder/plugins/mcufinder//mcu/
2024-01-17 20:21:01,477 [WARN] DbFile:41 - Overriding database path with different value: /Users/jourdanrampoldi/.stmcufinder/plugins/mcufinder/ => /Users/jourdanrampoldi/.stmcufinder/plugins/mcufinder
2024-01-17 20:21:01,477 [INFO] DbMcusAds:125 - Set database path to: /Users/jourdanrampoldi/.stmcufinder/plugins/mcufinder//mcu/
2024-01-17 20:21:01,477 [WARN] DbFile:41 - Overriding database path with different value: /Users/jourdanrampoldi/.stmcufinder/plugins/mcufinder/ => /Users/jourdanrampoldi/.stmcufinder/plugins/mcufinder
2024-01-17 20:21:01,477 [WARN] DbFile:41 - Overriding database path with different value: /Users/jourdanrampoldi/.stmcufinder/plugins/mcufinder/ => /Users/jourdanrampoldi/.stmcufinder/plugins/mcufinder
2024-01-17 20:21:01,478 [INFO] CrossReferenceDbSqlite:203 - Set database path to: /Users/jourdanrampoldi/.stmcufinder/plugins/mcufinder//mcu/cs/
2024-01-17 20:21:01,552 [INFO] MainPanel:262 - HeapMemory: 268435456
2024-01-17 20:21:01,645 [INFO] DbMcusXml:78 - Set database path to: /Applications/STM32CubeIDE.app/Contents/Eclipse/plugins/com.st.stm32cube.common.mx_6.9.2.202309101412//db//mcu/
2024-01-17 20:21:01,645 [INFO] ApiDb:274 - Set plugin database path to: /Applications/STM32CubeIDE.app/Contents/Eclipse/plugins/com.st.stm32cube.common.mx_6.9.2.202309101412//db//plugins/boardmanager/
2024-01-17 20:21:01,646 [INFO] ApiDb:261 - Set plugin images path to: /Applications/STM32CubeIDE.app/Contents/Eclipse/plugins/com.st.stm32cube.common.mx_6.9.2.202309101412//db//plugins/mcufinder/images/
2024-01-17 20:21:01,646 [WARN] DbFile:41 - Overriding database path with different value: /Users/jourdanrampoldi/.stmcufinder/plugins/mcufinder/ => /Users/jourdanrampoldi/.stmcufinder/plugins/mcufinder
2024-01-17 20:21:01,646 [INFO] ApiDb:250 - Set database path to: /Users/jourdanrampoldi/.stmcufinder/plugins/mcufinder//mcu/
2024-01-17 20:21:01,646 [WARN] DbFile:41 - Overriding database path with different value: /Users/jourdanrampoldi/.stmcufinder/plugins/mcufinder/ => /Users/jourdanrampoldi/.stmcufinder/plugins/mcufinder
2024-01-17 20:21:01,646 [INFO] DbMcusAds:125 - Set database path to: /Users/jourdanrampoldi/.stmcufinder/plugins/mcufinder//mcu/
2024-01-17 20:21:01,646 [WARN] DbFile:41 - Overriding database path with different value: /Users/jourdanrampoldi/.stmcufinder/plugins/mcufinder/ => /Users/jourdanrampoldi/.stmcufinder/plugins/mcufinder
2024-01-17 20:21:01,647 [WARN] DbFile:41 - Overriding database path with different value: /Users/jourdanrampoldi/.stmcufinder/plugins/mcufinder/ => /Users/jourdanrampoldi/.stmcufinder/plugins/mcufinder
2024-01-17 20:21:01,647 [INFO] CrossReferenceDbSqlite:203 - Set database path to: /Users/jourdanrampoldi/.stmcufinder/plugins/mcufinder//mcu/cs/
2024-01-17 20:21:01,667 [INFO] ApplicationProperties:184 - Using Application install path: /Applications/STM32CubeIDE.app/Contents/Eclipse/plugins/com.st.stm32cube.common.mx_6.9.2.202309101412
2024-01-17 20:21:01,668 [INFO] PluginManage:196 - Search for loadable plugins [exclusion list=, ]
2024-01-17 20:21:01,670 [INFO] PluginManage:310 - Check plugin analytics
2024-01-17 20:21:01,931 [INFO] AnalyticsPlugin:253 - Accepted Software Licenses: 
2024-01-17 20:21:01,932 [INFO] AnalyticsPlugin:255 - Accepted CMSIS Pack Licenses: 
2024-01-17 20:21:01,933 [INFO] AnalyticsPlugin:257 - Accepted Firmware Licenses: 
2024-01-17 20:21:01,938 [INFO] PluginManage:359 - Loaded plugin analytics (category:tool,tabindex:-1)
2024-01-17 20:21:01,940 [INFO] PluginManage:310 - Check plugin cadmodel
2024-01-17 20:21:02,609 [INFO] CADModel:105 - Init CAD model plugin
2024-01-17 20:21:02,610 [INFO] PluginManage:359 - Loaded plugin cadmodel (category:power,tabindex:5)
2024-01-17 20:21:02,611 [INFO] PluginManage:310 - Check plugin clock
2024-01-17 20:21:02,630 [INFO] PluginManage:359 - Loaded plugin clock (category:base,tabindex:2)
2024-01-17 20:21:02,630 [INFO] PluginManage:310 - Check plugin ddr
2024-01-17 20:21:02,633 [INFO] PluginManage:359 - Loaded plugin ddr (category:tool,tabindex:6)
2024-01-17 20:21:02,633 [INFO] PluginManage:310 - Check plugin filemanager
2024-01-17 20:21:02,832 [INFO] PluginManage:359 - Loaded plugin filemanager (category:base,tabindex:10)
2024-01-17 20:21:02,833 [INFO] PluginManage:310 - Check plugin ipmanager
2024-01-17 20:21:02,842 [INFO] PluginManage:359 - Loaded plugin ipmanager (category:base,tabindex:5)
2024-01-17 20:21:02,843 [INFO] PluginManage:310 - Check plugin lpbam
2024-01-17 20:21:02,853 [INFO] PluginManage:359 - Loaded plugin lpbam (category:base,tabindex:0)
2024-01-17 20:21:02,854 [INFO] PluginManage:310 - Check plugin memorymap
2024-01-17 20:21:02,865 [INFO] PluginManage:359 - Loaded plugin memorymap (category:base,tabindex:4)
2024-01-17 20:21:02,866 [INFO] PluginManage:310 - Check plugin pinoutandconfiguration
2024-01-17 20:21:02,873 [INFO] PluginManage:359 - Loaded plugin pinoutandconfiguration (category:base,tabindex:1)
2024-01-17 20:21:02,874 [INFO] PluginManage:310 - Check plugin pinoutconfig
2024-01-17 20:21:03,003 [WARN] SupportedApi:132 - Cannot load RTOS API schema: s4s-elt-must-match.1: The content of 'definitions' must match (annotation?, (simpleType | complexType)?, (unique | key | keyref)*)). A problem was found starting at: attribute.
2024-01-17 20:21:03,192 [INFO] PluginManage:359 - Loaded plugin pinoutconfig (category:base,tabindex:0)
2024-01-17 20:21:03,192 [INFO] PluginManage:310 - Check plugin power
2024-01-17 20:21:03,203 [INFO] PluginManage:359 - Loaded plugin power (category:power,tabindex:4)
2024-01-17 20:21:03,203 [INFO] PluginManage:310 - Check plugin projectmanager
2024-01-17 20:21:03,234 [INFO] PluginManage:359 - Loaded plugin projectmanager (category:projectmanager,tabindex:3)
2024-01-17 20:21:03,234 [INFO] PluginManage:310 - Check plugin thirdparty
2024-01-17 20:21:03,413 [INFO] PluginManage:359 - Loaded plugin thirdparty (category:base,tabindex:-1)
2024-01-17 20:21:03,413 [INFO] PluginManage:310 - Check plugin tools
2024-01-17 20:21:03,413 [WARN] IntegrityCheckThread:84 - waiting for thirdparty lock release [integrity check]
2024-01-17 20:21:03,414 [INFO] IntegrityCheckThread:86 - entering critical section [integrity check]
2024-01-17 20:21:03,414 [INFO] ThirdPartyUpdaterWithRetryManager:70 - Updater plugin not ready yet. [1/15]
2024-01-17 20:21:03,419 [INFO] PluginManage:359 - Loaded plugin tools (category:base,tabindex:7)
2024-01-17 20:21:03,419 [INFO] PluginManage:310 - Check plugin tutovideos
2024-01-17 20:21:03,683 [INFO] PluginManage:359 - Loaded plugin tutovideos (category:base,tabindex:-1)
2024-01-17 20:21:03,684 [INFO] PluginManage:310 - Check plugin updater
2024-01-17 20:21:03,714 [INFO] PluginManage:359 - Loaded plugin updater (category:base,tabindex:12)
2024-01-17 20:21:03,715 [INFO] PluginManage:310 - Check plugin userauth
2024-01-17 20:21:03,724 [INFO] UserAuth:113 - Init User Auth plugin
2024-01-17 20:21:03,724 [INFO] PluginManage:359 - Loaded plugin userauth (category:base,tabindex:14)
2024-01-17 20:21:03,726 [INFO] PluginManage:283 - PluginManage : Loaded plugins [17]
2024-01-17 20:21:04,241 [INFO] PinOutPanel:1499 - setPackage(No Configuration,No Configuration)
2024-01-17 20:21:04,336 [INFO] CADModel:165 - CPN selected for project level
2024-01-17 20:21:04,336 [INFO] CADModel:114 - Register for checkConnection events
2024-01-17 20:21:04,349 [INFO] IPUIPlugin:80 - create IPUIPlugin
2024-01-17 20:21:04,350 [INFO] PluginManager:220 - loadIPPluginJar : add mdma
2024-01-17 20:21:04,355 [INFO] IPUIPlugin:80 - create IPUIPlugin
2024-01-17 20:21:04,355 [INFO] PluginManager:220 - loadIPPluginJar : add freertos
2024-01-17 20:21:04,358 [INFO] IPUIPlugin:80 - create IPUIPlugin
2024-01-17 20:21:04,359 [INFO] PluginManager:220 - loadIPPluginJar : add gic
2024-01-17 20:21:04,365 [INFO] IPUIPlugin:80 - create IPUIPlugin
2024-01-17 20:21:04,365 [INFO] PluginManager:220 - loadIPPluginJar : add adc
2024-01-17 20:21:04,367 [INFO] IPUIPlugin:80 - create IPUIPlugin
2024-01-17 20:21:04,367 [INFO] PluginManager:220 - loadIPPluginJar : add gtzc
2024-01-17 20:21:04,368 [INFO] IPUIPlugin:80 - create IPUIPlugin
2024-01-17 20:21:04,368 [INFO] PluginManager:220 - loadIPPluginJar : add quadspi
2024-01-17 20:21:04,370 [INFO] IPUIPlugin:80 - create IPUIPlugin
2024-01-17 20:21:04,370 [INFO] PluginManager:220 - loadIPPluginJar : add aes
2024-01-17 20:21:04,372 [INFO] IPUIPlugin:80 - create IPUIPlugin
2024-01-17 20:21:04,372 [INFO] PluginManager:220 - loadIPPluginJar : add pdm2pcm
2024-01-17 20:21:04,374 [INFO] IPUIPlugin:80 - create IPUIPlugin
2024-01-17 20:21:04,374 [INFO] PluginManager:220 - loadIPPluginJar : add hash
2024-01-17 20:21:04,375 [INFO] IPUIPlugin:80 - create IPUIPlugin
2024-01-17 20:21:04,376 [INFO] PluginManager:220 - loadIPPluginJar : add tim
2024-01-17 20:21:04,377 [INFO] IPUIPlugin:80 - create IPUIPlugin
2024-01-17 20:21:04,377 [INFO] PluginManager:220 - loadIPPluginJar : add tsc
2024-01-17 20:21:04,378 [INFO] IPUIPlugin:80 - create IPUIPlugin
2024-01-17 20:21:04,378 [INFO] PluginManager:220 - loadIPPluginJar : add ts
2024-01-17 20:21:04,380 [INFO] IPUIPlugin:80 - create IPUIPlugin
2024-01-17 20:21:04,380 [INFO] PluginManager:220 - loadIPPluginJar : add can
2024-01-17 20:21:04,383 [INFO] IPUIPlugin:80 - create IPUIPlugin
2024-01-17 20:21:04,383 [INFO] PluginManager:220 - loadIPPluginJar : add dma3
2024-01-17 20:21:04,385 [INFO] IPUIPlugin:80 - create IPUIPlugin
2024-01-17 20:21:04,385 [INFO] PluginManager:220 - loadIPPluginJar : add dfsdm
2024-01-17 20:21:04,386 [INFO] IPUIPlugin:80 - create IPUIPlugin
2024-01-17 20:21:04,386 [INFO] PluginManager:220 - loadIPPluginJar : add spi
2024-01-17 20:21:04,388 [INFO] IPUIPlugin:80 - create IPUIPlugin
2024-01-17 20:21:04,388 [INFO] PluginManager:220 - loadIPPluginJar : add gfxmmu
2024-01-17 20:21:04,388 [INFO] IPUIPlugin:80 - create IPUIPlugin
2024-01-17 20:21:04,388 [INFO] PluginManager:220 - loadIPPluginJar : add genericplugin
2024-01-17 20:21:04,390 [INFO] IPUIPlugin:80 - create IPUIPlugin
2024-01-17 20:21:04,390 [INFO] PluginManager:220 - loadIPPluginJar : add cryp
2024-01-17 20:21:04,392 [INFO] IPUIPlugin:80 - create IPUIPlugin
2024-01-17 20:21:04,392 [INFO] PluginManager:220 - loadIPPluginJar : add gpio
2024-01-17 20:21:04,393 [INFO] IPUIPlugin:80 - create IPUIPlugin
2024-01-17 20:21:04,394 [INFO] PluginManager:220 - loadIPPluginJar : add comp
2024-01-17 20:21:04,395 [INFO] IPUIPlugin:80 - create IPUIPlugin
2024-01-17 20:21:04,396 [INFO] PluginManager:220 - loadIPPluginJar : add tracer_emb
2024-01-17 20:21:04,397 [INFO] IPUIPlugin:80 - create IPUIPlugin
2024-01-17 20:21:04,397 [INFO] PluginManager:220 - loadIPPluginJar : add openamp
2024-01-17 20:21:04,402 [INFO] IPUIPlugin:80 - create IPUIPlugin
2024-01-17 20:21:04,402 [INFO] PluginManager:220 - loadIPPluginJar : add stm32_wpan
2024-01-17 20:21:04,406 [INFO] IPUIPlugin:80 - create IPUIPlugin
2024-01-17 20:21:04,415 [INFO] PluginManager:220 - loadIPPluginJar : add plateformsettings
2024-01-17 20:21:04,418 [INFO] IPUIPlugin:80 - create IPUIPlugin
2024-01-17 20:21:04,418 [INFO] PluginManager:220 - loadIPPluginJar : add ipddr
2024-01-17 20:21:04,419 [INFO] IPUIPlugin:80 - create IPUIPlugin
2024-01-17 20:21:04,420 [INFO] PluginManager:220 - loadIPPluginJar : add usart
2024-01-17 20:21:04,420 [INFO] IPUIPlugin:80 - create IPUIPlugin
2024-01-17 20:21:04,420 [INFO] PluginManager:220 - loadIPPluginJar : add ltdc
2024-01-17 20:21:04,423 [INFO] IPUIPlugin:80 - create IPUIPlugin
2024-01-17 20:21:04,423 [INFO] PluginManager:220 - loadIPPluginJar : add nvic
2024-01-17 20:21:04,424 [INFO] IPUIPlugin:80 - create IPUIPlugin
2024-01-17 20:21:04,424 [INFO] PluginManager:220 - loadIPPluginJar : add fatfs
2024-01-17 20:21:04,428 [INFO] IPUIPlugin:80 - create IPUIPlugin
2024-01-17 20:21:04,428 [INFO] PluginManager:220 - loadIPPluginJar : add linkedlist
2024-01-17 20:21:04,431 [INFO] IPUIPlugin:80 - create IPUIPlugin
2024-01-17 20:21:04,433 [INFO] PluginManager:220 - loadIPPluginJar : add dma
2024-01-17 20:21:04,436 [INFO] IPUIPlugin:80 - create IPUIPlugin
2024-01-17 20:21:04,436 [INFO] PluginManager:220 - loadIPPluginJar : add fmc
2024-01-17 20:21:04,438 [INFO] IPUIPlugin:80 - create IPUIPlugin
2024-01-17 20:21:04,438 [INFO] PluginManager:220 - loadIPPluginJar : add i2s
2024-01-17 20:21:04,439 [INFO] IPUIPlugin:80 - create IPUIPlugin
2024-01-17 20:21:04,439 [INFO] PluginManager:220 - loadIPPluginJar : add ucpd
2024-01-17 20:21:04,442 [INFO] IPUIPlugin:80 - create IPUIPlugin
2024-01-17 20:21:04,442 [INFO] PluginManager:220 - loadIPPluginJar : add lorawan
2024-01-17 20:21:04,444 [INFO] IPUIPlugin:80 - create IPUIPlugin
2024-01-17 20:21:04,444 [INFO] PluginManager:220 - loadIPPluginJar : add opamp
2024-01-17 20:21:04,446 [INFO] IPUIPlugin:80 - create IPUIPlugin
2024-01-17 20:21:04,446 [INFO] PluginManager:220 - loadIPPluginJar : add i3c
2024-01-17 20:21:04,447 [INFO] IPUIPlugin:80 - create IPUIPlugin
2024-01-17 20:21:04,447 [INFO] PluginManager:220 - loadIPPluginJar : add touchsensing
2024-01-17 20:21:04,449 [INFO] IPUIPlugin:80 - create IPUIPlugin
2024-01-17 20:21:04,449 [INFO] PluginManager:220 - loadIPPluginJar : add i2c
2024-01-17 20:21:04,451 [INFO] IPUIPlugin:80 - create IPUIPlugin
2024-01-17 20:21:04,451 [INFO] PluginManager:220 - loadIPPluginJar : add resmgrutility
2024-01-17 20:21:04,452 [INFO] IPUIPlugin:80 - create IPUIPlugin
2024-01-17 20:21:04,453 [INFO] PluginManager:220 - loadIPPluginJar : add sai
2024-01-17 20:21:04,454 [INFO] IPUIPlugin:80 - create IPUIPlugin
2024-01-17 20:21:04,454 [INFO] PluginManager:220 - loadIPPluginJar : add usbx
2024-01-17 20:21:04,573 [INFO] CADModel:165 - CPN selected for project level
2024-01-17 20:21:04,575 [INFO] CADModel:114 - Register for checkConnection events
2024-01-17 20:21:04,575 [FATAL] Updater:308 - Updater called before beeing initialized
2024-01-17 20:21:04,575 [ERROR] CADModel:125 - Updater not yet initialized, retry later 
2024-01-17 20:21:04,815 [INFO] CADModel:165 - CPN selected for project level
2024-01-17 20:21:04,815 [INFO] CADModel:114 - Register for checkConnection events
2024-01-17 20:21:04,815 [FATAL] Updater:308 - Updater called before beeing initialized
2024-01-17 20:21:04,815 [ERROR] CADModel:125 - Updater not yet initialized, retry later 
2024-01-17 20:21:04,817 [FATAL] Updater:308 - Updater called before beeing initialized
2024-01-17 20:21:04,967 [FATAL] Updater:308 - Updater called before beeing initialized
2024-01-17 20:21:04,975 [INFO] DbMcusAds:53 - JSON generation date=Wed Nov 29 04:52:27 CST 2023 (1701255147349)
2024-01-17 20:21:04,975 [FATAL] Updater:308 - Updater called before beeing initialized
2024-01-17 20:21:05,024 [WARN] DetailPanel:346 - Failed to get advertising image, set to default
2024-01-17 20:21:05,096 [FATAL] Updater:308 - Updater called before beeing initialized
2024-01-17 20:21:05,098 [FATAL] Updater:308 - Updater called before beeing initialized
2024-01-17 20:21:05,098 [FATAL] Updater:308 - Updater called before beeing initialized
2024-01-17 20:21:05,098 [WARN] DetailPanel:346 - Failed to get advertising image, set to default
2024-01-17 20:21:05,099 [FATAL] Updater:308 - Updater called before beeing initialized
2024-01-17 20:21:05,165 [ERROR] Updater:1120 - MainUpdater not yet initialized. External WinMGr cannot be set.
2024-01-17 20:21:05,171 [INFO] Updater:1056 - Updater Version found : 6.9.2
2024-01-17 20:21:05,185 [INFO] ApplicationProperties:184 - Using Application install path: /Applications/STM32CubeIDE.app/Contents/Eclipse/plugins/com.st.stm32cube.common.mx_6.9.2.202309101412
2024-01-17 20:21:06,421 [INFO] ThirdPartyUpdaterWithRetryManager:70 - Updater plugin not ready yet. [2/15]
2024-01-17 20:21:06,650 [INFO] MainUpdater:2868 - connection check result : 10
2024-01-17 20:21:06,653 [INFO] MainUpdater:285 - Updater Check For Update Now.
2024-01-17 20:21:06,654 [INFO] MicroXplorer:498 - Change Database Version : DB.6.0.92
2024-01-17 20:21:06,667 [INFO] McuFinderGlobals:63 - Set McuFinder mode to 2 (CubeIDE integrated)
2024-01-17 20:21:06,667 [INFO] UserAuth:179 - activating auth plugin
2024-01-17 20:21:06,684 [INFO] UserAuth:393 - Internet connection configuration mode: 1
2024-01-17 20:21:06,701 [INFO] JxBrowserEngine:151 - Initiate JxBrowser Engine with user profile folder
2024-01-17 20:21:06,943 [INFO] CheckServerUpdateThread:120 - End of CheckServer Thread
2024-01-17 20:21:09,566 [WARN] PackLoader:240 - Cannot read IP mode file for STMicroelectronics.X-CUBE-SMBUS.2.1.0
2024-01-17 20:21:09,618 [WARN] PackLoader:240 - Cannot read IP mode file for STMicroelectronics.X-CUBE-AZRTOS-F7.1.1.0
2024-01-17 20:21:09,647 [WARN] PackLoader:240 - Cannot read IP mode file for STMicroelectronics.FP-SNS-MOTENV1.4.3.2
2024-01-17 20:21:09,676 [WARN] PackLoader:240 - Cannot read IP mode file for STMicroelectronics.FP-SNS-FLIGHT1.5.0.2
2024-01-17 20:21:09,696 [WARN] PackLoader:240 - Cannot read IP mode file for STMicroelectronics.X-CUBE-DISPLAY.3.0.0
2024-01-17 20:21:09,725 [WARN] PackLoader:240 - Cannot read IP mode file for STMicroelectronics.X-CUBE-BLE1.7.0.0
2024-01-17 20:21:09,745 [WARN] PackLoader:240 - Cannot read IP mode file for emotas.I-CUBE-CANOPEN.1.3.0
2024-01-17 20:21:09,754 [WARN] PackLoader:240 - Cannot read IP mode file for STMicroelectronics.X-CUBE-TOUCHGFX.4.22.0
2024-01-17 20:21:09,757 [WARN] PackLoader:240 - Cannot read IP mode file for STMicroelectronics.X-CUBE-TOUCHGFX.4.22.1
2024-01-17 20:21:09,770 [WARN] PackLoader:240 - Cannot read IP mode file for STMicroelectronics.FP-SNS-SMARTAG2.1.2.0
2024-01-17 20:21:09,790 [INFO] LogOutputStream:77 - [STDOUT_REDIRECT] 1 : Invalid condition id : UX_CORESTACK_Condition cause : null
2024-01-17 20:21:09,791 [INFO] LogOutputStream:77 - [STDOUT_REDIRECT] 1 : Invalid condition id : UX_CORESTACK_Condition cause : null
2024-01-17 20:21:09,791 [INFO] LogOutputStream:77 - [STDOUT_REDIRECT] 1 : Invalid condition id : UX_CORESTACK_Condition cause : null
2024-01-17 20:21:09,792 [INFO] LogOutputStream:77 - [STDOUT_REDIRECT] 1 : Invalid condition id : UX_CORESTACK_Condition cause : null
2024-01-17 20:21:09,792 [INFO] LogOutputStream:77 - [STDOUT_REDIRECT] 1 : Invalid condition id : UX_CORESTACK_Condition cause : null
2024-01-17 20:21:09,800 [WARN] PackLoader:240 - Cannot read IP mode file for STMicroelectronics.X-CUBE-AZRTOS-WL.2.0.0
2024-01-17 20:21:09,827 [WARN] PackLoader:240 - Cannot read IP mode file for WES.I-CUBE-Cesium.1.3.0
2024-01-17 20:21:09,840 [WARN] PackLoader:240 - Cannot read IP mode file for STMicroelectronics.X-CUBE-BLE2.3.3.0
2024-01-17 20:21:09,857 [WARN] PackLoader:240 - Cannot read IP mode file for STMicroelectronics.X-CUBE-ALGOBUILD.1.3.0
2024-01-17 20:21:09,907 [WARN] PackLoader:240 - Cannot read IP mode file for STMicroelectronics.X-CUBE-AZRTOS-G0.1.1.0
2024-01-17 20:21:09,938 [WARN] PackLoader:240 - Cannot read IP mode file for STMicroelectronics.X-CUBE-NFC4.3.0.0
2024-01-17 20:21:09,982 [WARN] PackLoader:240 - Cannot read IP mode file for STMicroelectronics.X-CUBE-BLEMGR.3.0.0
2024-01-17 20:21:10,005 [WARN] PackLoader:240 - Cannot read IP mode file for STMicroelectronics.FP-ATR-SIGFOX1.3.2.0
2024-01-17 20:21:10,103 [WARN] PackLoader:240 - Cannot read IP mode file for SEGGER.I-CUBE-embOS.1.3.1
2024-01-17 20:21:10,205 [WARN] PackLoader:240 - Cannot read IP mode file for STMicroelectronics.X-CUBE-GNSS1.6.0.0
2024-01-17 20:21:10,239 [WARN] PackLoader:240 - Cannot read IP mode file for STMicroelectronics.X-CUBE-AZRTOS-F4.1.1.0
2024-01-17 20:21:10,250 [WARN] PackLoader:240 - Cannot read IP mode file for wolfSSL.I-CUBE-wolfSSL.5.6.3
2024-01-17 20:21:10,274 [WARN] PackLoader:240 - Cannot read IP mode file for STMicroelectronics.X-CUBE-AZRTOS-L5.2.0.0
2024-01-17 20:21:10,393 [WARN] PackLoader:240 - Cannot read IP mode file for STMicroelectronics.X-CUBE-MEMS1.9.6.0
2024-01-17 20:21:10,762 [WARN] PackLoader:240 - Cannot read IP mode file for STMicroelectronics.X-CUBE-EEPRMA1.4.2.0
2024-01-17 20:21:10,820 [WARN] PackLoader:240 - Cannot read IP mode file for ITTIA_DB.I-CUBE-ITTIADB.8.8.0
2024-01-17 20:21:10,843 [WARN] PackLoader:240 - Cannot read IP mode file for STMicroelectronics.X-CUBE-BLEMGR.2.0.0
2024-01-17 20:21:10,875 [INFO] WebApp:157 - Instantiating new browser for Auth
2024-01-17 20:21:10,904 [WARN] ConditionMgr:438 - getConditionDescription Invalid condition id : UX DEVICE CLASS RTOS Condition cause : null
2024-01-17 20:21:10,910 [WARN] ConditionMgr:438 - getConditionDescription Invalid condition id : UX DEVICE CLASS RTOS Condition cause : null
2024-01-17 20:21:10,947 [WARN] PackLoader:240 - Cannot read IP mode file for STMicroelectronics.X-CUBE-AZRTOS-H7.3.1.0
2024-01-17 20:21:10,956 [WARN] ConditionMgr:1039 - genDependencies : Invalid condition id : UX DEVICE CLASS RTOS Condition cause : null
2024-01-17 20:21:10,961 [WARN] ConditionMgr:1039 - genDependencies : Invalid condition id : UX DEVICE CLASS RTOS Condition cause : null
2024-01-17 20:21:10,965 [WARN] ConditionMgr:1039 - genDependencies : Invalid condition id : UX DEVICE CLASS RTOS Condition cause : null
2024-01-17 20:21:10,969 [WARN] ConditionMgr:1039 - genDependencies : Invalid condition id : UX DEVICE CLASS RTOS Condition cause : null
2024-01-17 20:21:10,969 [WARN] ConditionMgr:1039 - genDependencies : Invalid condition id : UX DEVICE CLASS RTOS Condition cause : null
2024-01-17 20:21:11,003 [WARN] PackLoader:240 - Cannot read IP mode file for STMicroelectronics.X-CUBE-NFC7.1.0.1
2024-01-17 20:21:11,017 [WARN] PackLoader:240 - Cannot read IP mode file for STMicroelectronics.X-CUBE-NFC6.3.0.0
2024-01-17 20:21:11,026 [WARN] PackLoader:240 - Cannot read IP mode file for STMicroelectronics.X-CUBE-EEPRMA1.4.1.0
2024-01-17 20:21:11,033 [WARN] PackLoader:240 - Cannot read IP mode file for STMicroelectronics.X-CUBE-AI.8.1.0
2024-01-17 20:21:11,084 [WARN] ConditionMgr:438 - getConditionDescription Invalid condition id : LAN8742 Phy interface Condition cause : null
2024-01-17 20:21:11,086 [WARN] PackLoader:240 - Cannot read IP mode file for STMicroelectronics.X-CUBE-AZRTOS-L4.2.0.0
2024-01-17 20:21:11,092 [WARN] ConditionMgr:1039 - genDependencies : Invalid condition id : LAN8742 Phy interface Condition cause : null
2024-01-17 20:21:11,093 [WARN] ConditionMgr:1039 - genDependencies : Invalid condition id : LAN8742 Phy interface Condition cause : null
2024-01-17 20:21:11,094 [WARN] ConditionMgr:1039 - genDependencies : Invalid condition id : LAN8742 Phy interface Condition cause : null
2024-01-17 20:21:11,144 [WARN] PackLoader:240 - Cannot read IP mode file for STMicroelectronics.X-CUBE-SFXS2LP1.4.0.0
2024-01-17 20:21:11,153 [WARN] PackLoader:240 - Cannot read IP mode file for STMicroelectronics.X-CUBE-ISPU.1.1.0
2024-01-17 20:21:11,169 [WARN] ConditionMgr:438 - getConditionDescription Invalid condition id : UX DEVICE CLASS RTOS Condition cause : null
2024-01-17 20:21:11,169 [WARN] ConditionMgr:438 - getConditionDescription Invalid condition id : UX DEVICE CLASS RTOS Condition cause : null
2024-01-17 20:21:11,173 [WARN] PackLoader:240 - Cannot read IP mode file for STMicroelectronics.X-CUBE-AZRTOS-WB.2.0.0
2024-01-17 20:21:11,175 [WARN] ConditionMgr:1039 - genDependencies : Invalid condition id : UX DEVICE CLASS RTOS Condition cause : null
2024-01-17 20:21:11,175 [WARN] ConditionMgr:1039 - genDependencies : Invalid condition id : UX DEVICE CLASS RTOS Condition cause : null
2024-01-17 20:21:11,177 [WARN] ConditionMgr:1039 - genDependencies : Invalid condition id : UX DEVICE CLASS RTOS Condition cause : null
2024-01-17 20:21:11,178 [WARN] ConditionMgr:1039 - genDependencies : Invalid condition id : UX DEVICE CLASS RTOS Condition cause : null
2024-01-17 20:21:11,178 [WARN] ConditionMgr:1039 - genDependencies : Invalid condition id : UX DEVICE CLASS RTOS Condition cause : null
2024-01-17 20:21:11,189 [WARN] PackLoader:240 - Cannot read IP mode file for STMicroelectronics.X-CUBE-SUBG2.5.0.0
2024-01-17 20:21:11,218 [WARN] PackLoader:240 - Cannot read IP mode file for STMicroelectronics.X-CUBE-TOF1.3.3.1
2024-01-17 20:21:11,247 [WARN] PackLoader:240 - Cannot read IP mode file for STMicroelectronics.X-CUBE-AZRTOS-G4.2.0.0
2024-01-17 20:21:11,279 [WARN] PackLoader:240 - Cannot read IP mode file for Infineon.AIROC-Wi-Fi-Bluetooth-STM32.1.5.1
2024-01-17 20:21:11,291 [WARN] PackLoader:240 - Cannot read IP mode file for STMicroelectronics.FP-SNS-MOTENVWB1.1.3.0
2024-01-17 20:21:11,349 [WARN] PackLoader:240 - Cannot read IP mode file for STMicroelectronics.X-CUBE-MEMS1.10.0.0
2024-01-17 20:21:11,480 [WARN] PackLoader:240 - Cannot read IP mode file for STMicroelectronics.X-CUBE-FREERTOS.1.1.0
2024-01-17 20:21:11,501 [WARN] PackLoader:240 - Cannot read IP mode file for portGmbH.I-Cube-SoM-uGOAL.1.1.0
2024-01-17 20:21:11,508 [WARN] PackLoader:240 - Cannot read IP mode file for STMicroelectronics.X-CUBE-ALS.1.0.1
2024-01-17 20:21:11,516 [WARN] PackLoader:240 - Cannot read IP mode file for STMicroelectronics.FP-ATR-ASTRA1.2.0.0
2024-01-17 20:21:11,518 [INFO] ThirdParty:978 - Integrity check success = true
2024-01-17 20:21:11,518 [INFO] IntegrityCheckThread:100 - exiting critical section [integrity check]
2024-01-17 20:21:11,518 [INFO] IntegrityCheckThread:103 - End integrity checks thread
2024-01-17 20:21:11,731 [INFO] WebApp:753 - Register for checkConnection events
2024-01-17 20:21:11,732 [INFO] WebApp:390 - Apply proxy settings
2024-01-17 20:21:11,737 [INFO] WebApp:455 - Chromium authenticates against System proxy
2024-01-17 20:21:11,907 [INFO] WebApp:188 - Starting web application
2024-01-17 20:21:11,907 [INFO] WebApp:520 - Web application path used /Applications/STM32CubeIDE.app/Contents/Eclipse/plugins/com.st.stm32cube.common.mx_6.9.2.202309101412/db/plugins/mcufinder/reactClient1/index.html
2024-01-17 20:21:17,770 [ERROR] LogOutputStream:75 - [STDERR_REDIRECT] SLF4J: Failed to load class "org.slf4j.impl.StaticLoggerBinder".
2024-01-17 20:21:17,772 [ERROR] LogOutputStream:75 - [STDERR_REDIRECT] SLF4J: Defaulting to no-operation (NOP) logger implementation
2024-01-17 20:21:17,806 [ERROR] LogOutputStream:75 - [STDERR_REDIRECT] SLF4J: See http://www.slf4j.org/codes.html#StaticLoggerBinder for further details.
