2024-01-15 17:20:50,064 [INFO] Activator:176 - 


2024-01-15 17:20:50,070 [INFO] Activator:177 - !SESSION log4j initialized
2024-01-15 17:21:02,538 [INFO] LogOutputStream:77 - [STDOUT_REDIRECT] 
2024-01-15 17:21:03,595 [ERROR] LogOutputStream:75 - [STDERR_REDIRECT] 
2024-01-15 17:21:04,101 [INFO] LogOutputStream:77 - [STDOUT_REDIRECT] 
2024-01-15 17:21:04,287 [INFO] ApplicationProperties:184 - Using Application install path: /Applications/STM32CubeIDE.app/Contents/Eclipse/plugins/com.st.stm32cube.common.mx_6.9.2.202309101412
2024-01-15 17:21:04,302 [INFO] DbMcusXml:78 - Set database path to: /Applications/STM32CubeIDE.app/Contents/Eclipse/plugins/com.st.stm32cube.common.mx_6.9.2.202309101412//db//mcu/
2024-01-15 17:21:04,302 [INFO] ApiDb:274 - Set plugin database path to: /Applications/STM32CubeIDE.app/Contents/Eclipse/plugins/com.st.stm32cube.common.mx_6.9.2.202309101412//db//plugins/boardmanager/
2024-01-15 17:21:04,303 [WARN] ApiDb:259 - Overriding images path with different value:  => /Applications/STM32CubeIDE.app/Contents/Eclipse/plugins/com.st.stm32cube.common.mx_6.9.2.202309101412//db//plugins/mcufinder/images/
2024-01-15 17:21:04,322 [INFO] ApiDb:250 - Set database path to: /Users/jourdanrampoldi/.stmcufinder/plugins/mcufinder//mcu/
2024-01-15 17:21:04,323 [INFO] DbMcusAds:125 - Set database path to: /Users/jourdanrampoldi/.stmcufinder/plugins/mcufinder//mcu/
2024-01-15 17:21:04,326 [INFO] CrossReferenceDbSqlite:203 - Set database path to: /Users/jourdanrampoldi/.stmcufinder/plugins/mcufinder//mcu/cs/
2024-01-15 17:21:04,438 [INFO] RulesReader:64 - Compatibility file has been processed (293 Rules)
2024-01-15 17:21:04,501 [INFO] DbMcusXml:78 - Set database path to: /Applications/STM32CubeIDE.app/Contents/Eclipse/plugins/com.st.stm32cube.common.mx_6.9.2.202309101412//db//mcu/
2024-01-15 17:21:04,501 [INFO] ApiDb:274 - Set plugin database path to: /Applications/STM32CubeIDE.app/Contents/Eclipse/plugins/com.st.stm32cube.common.mx_6.9.2.202309101412//db//plugins/boardmanager/
2024-01-15 17:21:04,502 [INFO] ApiDb:261 - Set plugin images path to: /Applications/STM32CubeIDE.app/Contents/Eclipse/plugins/com.st.stm32cube.common.mx_6.9.2.202309101412//db//plugins/mcufinder/images/
2024-01-15 17:21:04,502 [WARN] DbFile:41 - Overriding database path with different value: /Users/jourdanrampoldi/.stmcufinder/plugins/mcufinder/ => /Users/jourdanrampoldi/.stmcufinder/plugins/mcufinder
2024-01-15 17:21:04,502 [INFO] ApiDb:250 - Set database path to: /Users/jourdanrampoldi/.stmcufinder/plugins/mcufinder//mcu/
2024-01-15 17:21:04,502 [WARN] DbFile:41 - Overriding database path with different value: /Users/jourdanrampoldi/.stmcufinder/plugins/mcufinder/ => /Users/jourdanrampoldi/.stmcufinder/plugins/mcufinder
2024-01-15 17:21:04,502 [INFO] DbMcusAds:125 - Set database path to: /Users/jourdanrampoldi/.stmcufinder/plugins/mcufinder//mcu/
2024-01-15 17:21:04,502 [WARN] DbFile:41 - Overriding database path with different value: /Users/jourdanrampoldi/.stmcufinder/plugins/mcufinder/ => /Users/jourdanrampoldi/.stmcufinder/plugins/mcufinder
2024-01-15 17:21:04,502 [WARN] DbFile:41 - Overriding database path with different value: /Users/jourdanrampoldi/.stmcufinder/plugins/mcufinder/ => /Users/jourdanrampoldi/.stmcufinder/plugins/mcufinder
2024-01-15 17:21:04,502 [INFO] CrossReferenceDbSqlite:203 - Set database path to: /Users/jourdanrampoldi/.stmcufinder/plugins/mcufinder//mcu/cs/
2024-01-15 17:21:04,581 [INFO] MainPanel:262 - HeapMemory: 268435456
2024-01-15 17:21:04,667 [INFO] DbMcusXml:78 - Set database path to: /Applications/STM32CubeIDE.app/Contents/Eclipse/plugins/com.st.stm32cube.common.mx_6.9.2.202309101412//db//mcu/
2024-01-15 17:21:04,667 [INFO] ApiDb:274 - Set plugin database path to: /Applications/STM32CubeIDE.app/Contents/Eclipse/plugins/com.st.stm32cube.common.mx_6.9.2.202309101412//db//plugins/boardmanager/
2024-01-15 17:21:04,667 [INFO] ApiDb:261 - Set plugin images path to: /Applications/STM32CubeIDE.app/Contents/Eclipse/plugins/com.st.stm32cube.common.mx_6.9.2.202309101412//db//plugins/mcufinder/images/
2024-01-15 17:21:04,667 [WARN] DbFile:41 - Overriding database path with different value: /Users/jourdanrampoldi/.stmcufinder/plugins/mcufinder/ => /Users/jourdanrampoldi/.stmcufinder/plugins/mcufinder
2024-01-15 17:21:04,668 [INFO] ApiDb:250 - Set database path to: /Users/jourdanrampoldi/.stmcufinder/plugins/mcufinder//mcu/
2024-01-15 17:21:04,668 [WARN] DbFile:41 - Overriding database path with different value: /Users/jourdanrampoldi/.stmcufinder/plugins/mcufinder/ => /Users/jourdanrampoldi/.stmcufinder/plugins/mcufinder
2024-01-15 17:21:04,668 [INFO] DbMcusAds:125 - Set database path to: /Users/jourdanrampoldi/.stmcufinder/plugins/mcufinder//mcu/
2024-01-15 17:21:04,668 [WARN] DbFile:41 - Overriding database path with different value: /Users/jourdanrampoldi/.stmcufinder/plugins/mcufinder/ => /Users/jourdanrampoldi/.stmcufinder/plugins/mcufinder
2024-01-15 17:21:04,668 [WARN] DbFile:41 - Overriding database path with different value: /Users/jourdanrampoldi/.stmcufinder/plugins/mcufinder/ => /Users/jourdanrampoldi/.stmcufinder/plugins/mcufinder
2024-01-15 17:21:04,668 [INFO] CrossReferenceDbSqlite:203 - Set database path to: /Users/jourdanrampoldi/.stmcufinder/plugins/mcufinder//mcu/cs/
2024-01-15 17:21:04,683 [INFO] ApplicationProperties:184 - Using Application install path: /Applications/STM32CubeIDE.app/Contents/Eclipse/plugins/com.st.stm32cube.common.mx_6.9.2.202309101412
2024-01-15 17:21:04,684 [INFO] PluginManage:196 - Search for loadable plugins [exclusion list=, ]
2024-01-15 17:21:04,686 [INFO] PluginManage:310 - Check plugin analytics
2024-01-15 17:21:04,870 [INFO] AnalyticsPlugin:253 - Accepted Software Licenses: 
2024-01-15 17:21:04,871 [INFO] AnalyticsPlugin:255 - Accepted CMSIS Pack Licenses: 
2024-01-15 17:21:04,872 [INFO] AnalyticsPlugin:257 - Accepted Firmware Licenses: 
2024-01-15 17:21:04,880 [INFO] PluginManage:359 - Loaded plugin analytics (category:tool,tabindex:-1)
2024-01-15 17:21:04,881 [INFO] PluginManage:310 - Check plugin cadmodel
2024-01-15 17:21:05,201 [INFO] CADModel:105 - Init CAD model plugin
2024-01-15 17:21:05,201 [INFO] PluginManage:359 - Loaded plugin cadmodel (category:power,tabindex:5)
2024-01-15 17:21:05,202 [INFO] PluginManage:310 - Check plugin clock
2024-01-15 17:21:05,216 [INFO] PluginManage:359 - Loaded plugin clock (category:base,tabindex:2)
2024-01-15 17:21:05,217 [INFO] PluginManage:310 - Check plugin ddr
2024-01-15 17:21:05,218 [INFO] PluginManage:359 - Loaded plugin ddr (category:tool,tabindex:6)
2024-01-15 17:21:05,219 [INFO] PluginManage:310 - Check plugin filemanager
2024-01-15 17:21:05,350 [INFO] PluginManage:359 - Loaded plugin filemanager (category:base,tabindex:10)
2024-01-15 17:21:05,350 [INFO] PluginManage:310 - Check plugin ipmanager
2024-01-15 17:21:05,357 [INFO] PluginManage:359 - Loaded plugin ipmanager (category:base,tabindex:5)
2024-01-15 17:21:05,357 [INFO] PluginManage:310 - Check plugin lpbam
2024-01-15 17:21:05,366 [INFO] PluginManage:359 - Loaded plugin lpbam (category:base,tabindex:0)
2024-01-15 17:21:05,366 [INFO] PluginManage:310 - Check plugin memorymap
2024-01-15 17:21:05,377 [INFO] PluginManage:359 - Loaded plugin memorymap (category:base,tabindex:4)
2024-01-15 17:21:05,377 [INFO] PluginManage:310 - Check plugin pinoutandconfiguration
2024-01-15 17:21:05,382 [INFO] PluginManage:359 - Loaded plugin pinoutandconfiguration (category:base,tabindex:1)
2024-01-15 17:21:05,382 [INFO] PluginManage:310 - Check plugin pinoutconfig
2024-01-15 17:21:05,474 [WARN] SupportedApi:132 - Cannot load RTOS API schema: s4s-elt-must-match.1: The content of 'definitions' must match (annotation?, (simpleType | complexType)?, (unique | key | keyref)*)). A problem was found starting at: attribute.
2024-01-15 17:21:05,717 [INFO] PluginManage:359 - Loaded plugin pinoutconfig (category:base,tabindex:0)
2024-01-15 17:21:05,718 [INFO] PluginManage:310 - Check plugin power
2024-01-15 17:21:05,736 [INFO] PluginManage:359 - Loaded plugin power (category:power,tabindex:4)
2024-01-15 17:21:05,736 [INFO] PluginManage:310 - Check plugin projectmanager
2024-01-15 17:21:05,786 [INFO] PluginManage:359 - Loaded plugin projectmanager (category:projectmanager,tabindex:3)
2024-01-15 17:21:05,787 [INFO] PluginManage:310 - Check plugin thirdparty
2024-01-15 17:21:06,052 [INFO] PluginManage:359 - Loaded plugin thirdparty (category:base,tabindex:-1)
2024-01-15 17:21:06,052 [WARN] IntegrityCheckThread:84 - waiting for thirdparty lock release [integrity check]
2024-01-15 17:21:06,055 [INFO] PluginManage:310 - Check plugin tools
2024-01-15 17:21:06,055 [INFO] IntegrityCheckThread:86 - entering critical section [integrity check]
2024-01-15 17:21:06,058 [INFO] ThirdPartyUpdaterWithRetryManager:70 - Updater plugin not ready yet. [1/15]
2024-01-15 17:21:06,066 [INFO] PluginManage:359 - Loaded plugin tools (category:base,tabindex:7)
2024-01-15 17:21:06,066 [INFO] PluginManage:310 - Check plugin tutovideos
2024-01-15 17:21:06,249 [INFO] PluginManage:359 - Loaded plugin tutovideos (category:base,tabindex:-1)
2024-01-15 17:21:06,249 [INFO] PluginManage:310 - Check plugin updater
2024-01-15 17:21:06,272 [INFO] PluginManage:359 - Loaded plugin updater (category:base,tabindex:12)
2024-01-15 17:21:06,273 [INFO] PluginManage:310 - Check plugin userauth
2024-01-15 17:21:06,280 [INFO] UserAuth:113 - Init User Auth plugin
2024-01-15 17:21:06,280 [INFO] PluginManage:359 - Loaded plugin userauth (category:base,tabindex:14)
2024-01-15 17:21:06,284 [INFO] PluginManage:283 - PluginManage : Loaded plugins [17]
2024-01-15 17:21:06,604 [INFO] PinOutPanel:1499 - setPackage(No Configuration,No Configuration)
2024-01-15 17:21:06,704 [INFO] CADModel:165 - CPN selected for project level
2024-01-15 17:21:06,704 [INFO] CADModel:114 - Register for checkConnection events
2024-01-15 17:21:06,716 [INFO] IPUIPlugin:80 - create IPUIPlugin
2024-01-15 17:21:06,717 [INFO] PluginManager:220 - loadIPPluginJar : add mdma
2024-01-15 17:21:06,722 [INFO] IPUIPlugin:80 - create IPUIPlugin
2024-01-15 17:21:06,723 [INFO] PluginManager:220 - loadIPPluginJar : add freertos
2024-01-15 17:21:06,726 [INFO] IPUIPlugin:80 - create IPUIPlugin
2024-01-15 17:21:06,726 [INFO] PluginManager:220 - loadIPPluginJar : add gic
2024-01-15 17:21:06,733 [INFO] IPUIPlugin:80 - create IPUIPlugin
2024-01-15 17:21:06,733 [INFO] PluginManager:220 - loadIPPluginJar : add adc
2024-01-15 17:21:06,735 [INFO] IPUIPlugin:80 - create IPUIPlugin
2024-01-15 17:21:06,735 [INFO] PluginManager:220 - loadIPPluginJar : add gtzc
2024-01-15 17:21:06,736 [INFO] IPUIPlugin:80 - create IPUIPlugin
2024-01-15 17:21:06,736 [INFO] PluginManager:220 - loadIPPluginJar : add quadspi
2024-01-15 17:21:06,738 [INFO] IPUIPlugin:80 - create IPUIPlugin
2024-01-15 17:21:06,738 [INFO] PluginManager:220 - loadIPPluginJar : add aes
2024-01-15 17:21:06,740 [INFO] IPUIPlugin:80 - create IPUIPlugin
2024-01-15 17:21:06,740 [INFO] PluginManager:220 - loadIPPluginJar : add pdm2pcm
2024-01-15 17:21:06,741 [INFO] IPUIPlugin:80 - create IPUIPlugin
2024-01-15 17:21:06,741 [INFO] PluginManager:220 - loadIPPluginJar : add hash
2024-01-15 17:21:06,743 [INFO] IPUIPlugin:80 - create IPUIPlugin
2024-01-15 17:21:06,743 [INFO] PluginManager:220 - loadIPPluginJar : add tim
2024-01-15 17:21:06,743 [INFO] IPUIPlugin:80 - create IPUIPlugin
2024-01-15 17:21:06,744 [INFO] PluginManager:220 - loadIPPluginJar : add tsc
2024-01-15 17:21:06,745 [INFO] IPUIPlugin:80 - create IPUIPlugin
2024-01-15 17:21:06,745 [INFO] PluginManager:220 - loadIPPluginJar : add ts
2024-01-15 17:21:06,747 [INFO] IPUIPlugin:80 - create IPUIPlugin
2024-01-15 17:21:06,747 [INFO] PluginManager:220 - loadIPPluginJar : add can
2024-01-15 17:21:06,748 [INFO] IPUIPlugin:80 - create IPUIPlugin
2024-01-15 17:21:06,749 [INFO] PluginManager:220 - loadIPPluginJar : add dma3
2024-01-15 17:21:06,750 [INFO] IPUIPlugin:80 - create IPUIPlugin
2024-01-15 17:21:06,750 [INFO] PluginManager:220 - loadIPPluginJar : add dfsdm
2024-01-15 17:21:06,751 [INFO] IPUIPlugin:80 - create IPUIPlugin
2024-01-15 17:21:06,751 [INFO] PluginManager:220 - loadIPPluginJar : add spi
2024-01-15 17:21:06,752 [INFO] IPUIPlugin:80 - create IPUIPlugin
2024-01-15 17:21:06,752 [INFO] PluginManager:220 - loadIPPluginJar : add gfxmmu
2024-01-15 17:21:06,753 [INFO] IPUIPlugin:80 - create IPUIPlugin
2024-01-15 17:21:06,753 [INFO] PluginManager:220 - loadIPPluginJar : add genericplugin
2024-01-15 17:21:06,755 [INFO] IPUIPlugin:80 - create IPUIPlugin
2024-01-15 17:21:06,755 [INFO] PluginManager:220 - loadIPPluginJar : add cryp
2024-01-15 17:21:06,757 [INFO] IPUIPlugin:80 - create IPUIPlugin
2024-01-15 17:21:06,757 [INFO] PluginManager:220 - loadIPPluginJar : add gpio
2024-01-15 17:21:06,758 [INFO] IPUIPlugin:80 - create IPUIPlugin
2024-01-15 17:21:06,759 [INFO] PluginManager:220 - loadIPPluginJar : add comp
2024-01-15 17:21:06,761 [INFO] IPUIPlugin:80 - create IPUIPlugin
2024-01-15 17:21:06,761 [INFO] PluginManager:220 - loadIPPluginJar : add tracer_emb
2024-01-15 17:21:06,763 [INFO] IPUIPlugin:80 - create IPUIPlugin
2024-01-15 17:21:06,763 [INFO] PluginManager:220 - loadIPPluginJar : add openamp
2024-01-15 17:21:06,766 [INFO] IPUIPlugin:80 - create IPUIPlugin
2024-01-15 17:21:06,766 [INFO] PluginManager:220 - loadIPPluginJar : add stm32_wpan
2024-01-15 17:21:06,770 [INFO] IPUIPlugin:80 - create IPUIPlugin
2024-01-15 17:21:06,772 [INFO] PluginManager:220 - loadIPPluginJar : add plateformsettings
2024-01-15 17:21:06,776 [INFO] IPUIPlugin:80 - create IPUIPlugin
2024-01-15 17:21:06,776 [INFO] PluginManager:220 - loadIPPluginJar : add ipddr
2024-01-15 17:21:06,778 [INFO] IPUIPlugin:80 - create IPUIPlugin
2024-01-15 17:21:06,778 [INFO] PluginManager:220 - loadIPPluginJar : add usart
2024-01-15 17:21:06,779 [INFO] IPUIPlugin:80 - create IPUIPlugin
2024-01-15 17:21:06,779 [INFO] PluginManager:220 - loadIPPluginJar : add ltdc
2024-01-15 17:21:06,782 [INFO] IPUIPlugin:80 - create IPUIPlugin
2024-01-15 17:21:06,782 [INFO] PluginManager:220 - loadIPPluginJar : add nvic
2024-01-15 17:21:06,783 [INFO] IPUIPlugin:80 - create IPUIPlugin
2024-01-15 17:21:06,784 [INFO] PluginManager:220 - loadIPPluginJar : add fatfs
2024-01-15 17:21:06,791 [INFO] IPUIPlugin:80 - create IPUIPlugin
2024-01-15 17:21:06,791 [INFO] PluginManager:220 - loadIPPluginJar : add linkedlist
2024-01-15 17:21:06,795 [INFO] IPUIPlugin:80 - create IPUIPlugin
2024-01-15 17:21:06,795 [INFO] PluginManager:220 - loadIPPluginJar : add dma
2024-01-15 17:21:06,798 [INFO] IPUIPlugin:80 - create IPUIPlugin
2024-01-15 17:21:06,798 [INFO] PluginManager:220 - loadIPPluginJar : add fmc
2024-01-15 17:21:06,799 [INFO] IPUIPlugin:80 - create IPUIPlugin
2024-01-15 17:21:06,799 [INFO] PluginManager:220 - loadIPPluginJar : add i2s
2024-01-15 17:21:06,800 [INFO] IPUIPlugin:80 - create IPUIPlugin
2024-01-15 17:21:06,800 [INFO] PluginManager:220 - loadIPPluginJar : add ucpd
2024-01-15 17:21:06,801 [INFO] IPUIPlugin:80 - create IPUIPlugin
2024-01-15 17:21:06,801 [INFO] PluginManager:220 - loadIPPluginJar : add lorawan
2024-01-15 17:21:06,802 [INFO] IPUIPlugin:80 - create IPUIPlugin
2024-01-15 17:21:06,802 [INFO] PluginManager:220 - loadIPPluginJar : add opamp
2024-01-15 17:21:06,804 [INFO] IPUIPlugin:80 - create IPUIPlugin
2024-01-15 17:21:06,804 [INFO] PluginManager:220 - loadIPPluginJar : add i3c
2024-01-15 17:21:06,806 [INFO] IPUIPlugin:80 - create IPUIPlugin
2024-01-15 17:21:06,806 [INFO] PluginManager:220 - loadIPPluginJar : add touchsensing
2024-01-15 17:21:06,807 [INFO] IPUIPlugin:80 - create IPUIPlugin
2024-01-15 17:21:06,807 [INFO] PluginManager:220 - loadIPPluginJar : add i2c
2024-01-15 17:21:06,811 [INFO] IPUIPlugin:80 - create IPUIPlugin
2024-01-15 17:21:06,812 [INFO] PluginManager:220 - loadIPPluginJar : add resmgrutility
2024-01-15 17:21:06,813 [INFO] IPUIPlugin:80 - create IPUIPlugin
2024-01-15 17:21:06,813 [INFO] PluginManager:220 - loadIPPluginJar : add sai
2024-01-15 17:21:06,815 [INFO] IPUIPlugin:80 - create IPUIPlugin
2024-01-15 17:21:06,815 [INFO] PluginManager:220 - loadIPPluginJar : add usbx
2024-01-15 17:21:06,930 [INFO] CADModel:165 - CPN selected for project level
2024-01-15 17:21:06,930 [INFO] CADModel:114 - Register for checkConnection events
2024-01-15 17:21:06,931 [FATAL] Updater:308 - Updater called before beeing initialized
2024-01-15 17:21:06,931 [ERROR] CADModel:125 - Updater not yet initialized, retry later 
2024-01-15 17:21:07,161 [INFO] CADModel:165 - CPN selected for project level
2024-01-15 17:21:07,161 [INFO] CADModel:114 - Register for checkConnection events
2024-01-15 17:21:07,161 [FATAL] Updater:308 - Updater called before beeing initialized
2024-01-15 17:21:07,161 [ERROR] CADModel:125 - Updater not yet initialized, retry later 
2024-01-15 17:21:07,165 [FATAL] Updater:308 - Updater called before beeing initialized
2024-01-15 17:21:07,315 [FATAL] Updater:308 - Updater called before beeing initialized
2024-01-15 17:21:07,320 [INFO] DbMcusAds:53 - JSON generation date=Wed Nov 29 04:52:27 CST 2023 (1701255147349)
2024-01-15 17:21:07,320 [FATAL] Updater:308 - Updater called before beeing initialized
2024-01-15 17:21:07,374 [WARN] DetailPanel:346 - Failed to get advertising image, set to default
2024-01-15 17:21:07,440 [FATAL] Updater:308 - Updater called before beeing initialized
2024-01-15 17:21:07,442 [FATAL] Updater:308 - Updater called before beeing initialized
2024-01-15 17:21:07,442 [FATAL] Updater:308 - Updater called before beeing initialized
2024-01-15 17:21:07,442 [WARN] DetailPanel:346 - Failed to get advertising image, set to default
2024-01-15 17:21:07,443 [FATAL] Updater:308 - Updater called before beeing initialized
2024-01-15 17:21:07,500 [ERROR] Updater:1120 - MainUpdater not yet initialized. External WinMGr cannot be set.
2024-01-15 17:21:07,537 [INFO] Updater:1056 - Updater Version found : 6.9.2
2024-01-15 17:21:07,553 [INFO] ApplicationProperties:184 - Using Application install path: /Applications/STM32CubeIDE.app/Contents/Eclipse/plugins/com.st.stm32cube.common.mx_6.9.2.202309101412
2024-01-15 17:21:09,041 [INFO] MainUpdater:2868 - connection check result : 10
2024-01-15 17:21:09,045 [INFO] MainUpdater:285 - Updater Check For Update Now.
2024-01-15 17:21:09,046 [INFO] MicroXplorer:498 - Change Database Version : DB.6.0.92
2024-01-15 17:21:09,066 [WARN] MainUpdater:1189 - Updater busy. Cannot search thirdparties
2024-01-15 17:21:09,067 [INFO] ThirdPartyUpdaterWithRetryManager:96 - Updater plugin is busy. [1/15]
2024-01-15 17:21:09,067 [INFO] McuFinderGlobals:63 - Set McuFinder mode to 2 (CubeIDE integrated)
2024-01-15 17:21:09,067 [INFO] UserAuth:179 - activating auth plugin
2024-01-15 17:21:09,136 [INFO] UserAuth:393 - Internet connection configuration mode: 1
2024-01-15 17:21:09,157 [INFO] JxBrowserEngine:151 - Initiate JxBrowser Engine with user profile folder
2024-01-15 17:21:09,610 [INFO] CheckServerUpdateThread:120 - End of CheckServer Thread
2024-01-15 17:21:12,272 [WARN] PackLoader:240 - Cannot read IP mode file for STMicroelectronics.X-CUBE-SMBUS.2.1.0
2024-01-15 17:21:12,340 [WARN] PackLoader:240 - Cannot read IP mode file for STMicroelectronics.X-CUBE-AZRTOS-F7.1.1.0
2024-01-15 17:21:12,391 [WARN] PackLoader:240 - Cannot read IP mode file for STMicroelectronics.FP-SNS-MOTENV1.4.3.2
2024-01-15 17:21:12,421 [WARN] PackLoader:240 - Cannot read IP mode file for STMicroelectronics.FP-SNS-FLIGHT1.5.0.2
2024-01-15 17:21:12,436 [WARN] PackLoader:240 - Cannot read IP mode file for STMicroelectronics.X-CUBE-DISPLAY.3.0.0
2024-01-15 17:21:12,480 [WARN] PackLoader:240 - Cannot read IP mode file for STMicroelectronics.X-CUBE-BLE1.7.0.0
2024-01-15 17:21:12,498 [WARN] PackLoader:240 - Cannot read IP mode file for emotas.I-CUBE-CANOPEN.1.3.0
2024-01-15 17:21:12,509 [WARN] PackLoader:240 - Cannot read IP mode file for STMicroelectronics.X-CUBE-TOUCHGFX.4.22.0
2024-01-15 17:21:12,515 [WARN] PackLoader:240 - Cannot read IP mode file for STMicroelectronics.X-CUBE-TOUCHGFX.4.22.1
2024-01-15 17:21:12,526 [WARN] PackLoader:240 - Cannot read IP mode file for STMicroelectronics.FP-SNS-SMARTAG2.1.2.0
2024-01-15 17:21:12,556 [INFO] LogOutputStream:77 - [STDOUT_REDIRECT] 1 : Invalid condition id : UX_CORESTACK_Condition cause : null
2024-01-15 17:21:12,558 [INFO] LogOutputStream:77 - [STDOUT_REDIRECT] 1 : Invalid condition id : UX_CORESTACK_Condition cause : null
2024-01-15 17:21:12,558 [INFO] LogOutputStream:77 - [STDOUT_REDIRECT] 1 : Invalid condition id : UX_CORESTACK_Condition cause : null
2024-01-15 17:21:12,558 [INFO] LogOutputStream:77 - [STDOUT_REDIRECT] 1 : Invalid condition id : UX_CORESTACK_Condition cause : null
2024-01-15 17:21:12,559 [INFO] LogOutputStream:77 - [STDOUT_REDIRECT] 1 : Invalid condition id : UX_CORESTACK_Condition cause : null
2024-01-15 17:21:12,572 [WARN] PackLoader:240 - Cannot read IP mode file for STMicroelectronics.X-CUBE-AZRTOS-WL.2.0.0
2024-01-15 17:21:12,593 [WARN] PackLoader:240 - Cannot read IP mode file for WES.I-CUBE-Cesium.1.3.0
2024-01-15 17:21:12,603 [WARN] PackLoader:240 - Cannot read IP mode file for STMicroelectronics.X-CUBE-BLE2.3.3.0
2024-01-15 17:21:12,621 [WARN] PackLoader:240 - Cannot read IP mode file for STMicroelectronics.X-CUBE-ALGOBUILD.1.3.0
2024-01-15 17:21:12,653 [WARN] PackLoader:240 - Cannot read IP mode file for STMicroelectronics.X-CUBE-AZRTOS-G0.1.1.0
2024-01-15 17:21:12,679 [WARN] PackLoader:240 - Cannot read IP mode file for STMicroelectronics.X-CUBE-NFC4.3.0.0
2024-01-15 17:21:12,737 [WARN] PackLoader:240 - Cannot read IP mode file for STMicroelectronics.X-CUBE-BLEMGR.3.0.0
2024-01-15 17:21:12,756 [WARN] PackLoader:240 - Cannot read IP mode file for STMicroelectronics.FP-ATR-SIGFOX1.3.2.0
2024-01-15 17:21:12,838 [WARN] PackLoader:240 - Cannot read IP mode file for SEGGER.I-CUBE-embOS.1.3.1
2024-01-15 17:21:12,918 [WARN] PackLoader:240 - Cannot read IP mode file for STMicroelectronics.X-CUBE-GNSS1.6.0.0
2024-01-15 17:21:12,952 [WARN] PackLoader:240 - Cannot read IP mode file for STMicroelectronics.X-CUBE-AZRTOS-F4.1.1.0
2024-01-15 17:21:12,968 [WARN] PackLoader:240 - Cannot read IP mode file for wolfSSL.I-CUBE-wolfSSL.5.6.3
2024-01-15 17:21:12,996 [WARN] PackLoader:240 - Cannot read IP mode file for STMicroelectronics.X-CUBE-AZRTOS-L5.2.0.0
2024-01-15 17:21:13,072 [WARN] PackLoader:240 - Cannot read IP mode file for STMicroelectronics.X-CUBE-MEMS1.9.6.0
2024-01-15 17:21:13,218 [WARN] PackLoader:240 - Cannot read IP mode file for STMicroelectronics.X-CUBE-EEPRMA1.4.2.0
2024-01-15 17:21:13,227 [WARN] PackLoader:240 - Cannot read IP mode file for ITTIA_DB.I-CUBE-ITTIADB.8.8.0
2024-01-15 17:21:13,242 [WARN] PackLoader:240 - Cannot read IP mode file for STMicroelectronics.X-CUBE-BLEMGR.2.0.0
2024-01-15 17:21:13,264 [WARN] ConditionMgr:438 - getConditionDescription Invalid condition id : UX DEVICE CLASS RTOS Condition cause : null
2024-01-15 17:21:13,265 [WARN] ConditionMgr:438 - getConditionDescription Invalid condition id : UX DEVICE CLASS RTOS Condition cause : null
2024-01-15 17:21:13,271 [WARN] PackLoader:240 - Cannot read IP mode file for STMicroelectronics.X-CUBE-AZRTOS-H7.3.1.0
2024-01-15 17:21:13,277 [WARN] ConditionMgr:1039 - genDependencies : Invalid condition id : UX DEVICE CLASS RTOS Condition cause : null
2024-01-15 17:21:13,277 [WARN] ConditionMgr:1039 - genDependencies : Invalid condition id : UX DEVICE CLASS RTOS Condition cause : null
2024-01-15 17:21:13,278 [WARN] ConditionMgr:1039 - genDependencies : Invalid condition id : UX DEVICE CLASS RTOS Condition cause : null
2024-01-15 17:21:13,279 [WARN] ConditionMgr:1039 - genDependencies : Invalid condition id : UX DEVICE CLASS RTOS Condition cause : null
2024-01-15 17:21:13,279 [WARN] ConditionMgr:1039 - genDependencies : Invalid condition id : UX DEVICE CLASS RTOS Condition cause : null
2024-01-15 17:21:13,293 [WARN] PackLoader:240 - Cannot read IP mode file for STMicroelectronics.X-CUBE-NFC7.1.0.1
2024-01-15 17:21:13,305 [WARN] PackLoader:240 - Cannot read IP mode file for STMicroelectronics.X-CUBE-NFC6.3.0.0
2024-01-15 17:21:13,315 [WARN] PackLoader:240 - Cannot read IP mode file for STMicroelectronics.X-CUBE-EEPRMA1.4.1.0
2024-01-15 17:21:13,326 [WARN] PackLoader:240 - Cannot read IP mode file for STMicroelectronics.X-CUBE-AI.8.1.0
2024-01-15 17:21:13,348 [WARN] ConditionMgr:438 - getConditionDescription Invalid condition id : LAN8742 Phy interface Condition cause : null
2024-01-15 17:21:13,349 [WARN] PackLoader:240 - Cannot read IP mode file for STMicroelectronics.X-CUBE-AZRTOS-L4.2.0.0
2024-01-15 17:21:13,352 [WARN] ConditionMgr:1039 - genDependencies : Invalid condition id : LAN8742 Phy interface Condition cause : null
2024-01-15 17:21:13,353 [WARN] ConditionMgr:1039 - genDependencies : Invalid condition id : LAN8742 Phy interface Condition cause : null
2024-01-15 17:21:13,354 [WARN] ConditionMgr:1039 - genDependencies : Invalid condition id : LAN8742 Phy interface Condition cause : null
2024-01-15 17:21:13,363 [WARN] PackLoader:240 - Cannot read IP mode file for STMicroelectronics.X-CUBE-SFXS2LP1.4.0.0
2024-01-15 17:21:13,369 [WARN] PackLoader:240 - Cannot read IP mode file for STMicroelectronics.X-CUBE-ISPU.1.1.0
2024-01-15 17:21:13,381 [WARN] ConditionMgr:438 - getConditionDescription Invalid condition id : UX DEVICE CLASS RTOS Condition cause : null
2024-01-15 17:21:13,381 [WARN] ConditionMgr:438 - getConditionDescription Invalid condition id : UX DEVICE CLASS RTOS Condition cause : null
2024-01-15 17:21:13,385 [WARN] PackLoader:240 - Cannot read IP mode file for STMicroelectronics.X-CUBE-AZRTOS-WB.2.0.0
2024-01-15 17:21:13,386 [WARN] ConditionMgr:1039 - genDependencies : Invalid condition id : UX DEVICE CLASS RTOS Condition cause : null
2024-01-15 17:21:13,386 [WARN] ConditionMgr:1039 - genDependencies : Invalid condition id : UX DEVICE CLASS RTOS Condition cause : null
2024-01-15 17:21:13,387 [WARN] ConditionMgr:1039 - genDependencies : Invalid condition id : UX DEVICE CLASS RTOS Condition cause : null
2024-01-15 17:21:13,388 [WARN] ConditionMgr:1039 - genDependencies : Invalid condition id : UX DEVICE CLASS RTOS Condition cause : null
2024-01-15 17:21:13,388 [WARN] ConditionMgr:1039 - genDependencies : Invalid condition id : UX DEVICE CLASS RTOS Condition cause : null
2024-01-15 17:21:13,400 [WARN] PackLoader:240 - Cannot read IP mode file for STMicroelectronics.X-CUBE-SUBG2.5.0.0
2024-01-15 17:21:13,418 [WARN] PackLoader:240 - Cannot read IP mode file for STMicroelectronics.X-CUBE-TOF1.3.3.1
2024-01-15 17:21:13,468 [WARN] PackLoader:240 - Cannot read IP mode file for STMicroelectronics.X-CUBE-AZRTOS-G4.2.0.0
2024-01-15 17:21:13,553 [WARN] PackLoader:240 - Cannot read IP mode file for Infineon.AIROC-Wi-Fi-Bluetooth-STM32.1.5.1
2024-01-15 17:21:13,600 [WARN] PackLoader:240 - Cannot read IP mode file for STMicroelectronics.FP-SNS-MOTENVWB1.1.3.0
2024-01-15 17:21:13,655 [WARN] PackLoader:240 - Cannot read IP mode file for STMicroelectronics.X-CUBE-MEMS1.10.0.0
2024-01-15 17:21:13,844 [WARN] PackLoader:240 - Cannot read IP mode file for STMicroelectronics.X-CUBE-FREERTOS.1.1.0
2024-01-15 17:21:13,857 [WARN] PackLoader:240 - Cannot read IP mode file for portGmbH.I-Cube-SoM-uGOAL.1.1.0
2024-01-15 17:21:13,865 [WARN] PackLoader:240 - Cannot read IP mode file for STMicroelectronics.X-CUBE-ALS.1.0.1
2024-01-15 17:21:13,870 [WARN] PackLoader:240 - Cannot read IP mode file for STMicroelectronics.FP-ATR-ASTRA1.2.0.0
2024-01-15 17:21:13,879 [INFO] ThirdParty:978 - Integrity check success = true
2024-01-15 17:21:13,879 [INFO] IntegrityCheckThread:100 - exiting critical section [integrity check]
2024-01-15 17:21:13,879 [INFO] IntegrityCheckThread:103 - End integrity checks thread
2024-01-15 17:21:14,746 [INFO] WebApp:157 - Instantiating new browser for Auth
2024-01-15 17:21:15,889 [INFO] WebApp:753 - Register for checkConnection events
2024-01-15 17:21:15,890 [INFO] WebApp:390 - Apply proxy settings
2024-01-15 17:21:15,898 [INFO] WebApp:455 - Chromium authenticates against System proxy
2024-01-15 17:21:16,048 [INFO] WebApp:188 - Starting web application
2024-01-15 17:21:16,049 [INFO] WebApp:520 - Web application path used /Applications/STM32CubeIDE.app/Contents/Eclipse/plugins/com.st.stm32cube.common.mx_6.9.2.202309101412/db/plugins/mcufinder/reactClient1/index.html
2024-01-15 17:21:24,737 [ERROR] LogOutputStream:75 - [STDERR_REDIRECT] SLF4J: Failed to load class "org.slf4j.impl.StaticLoggerBinder".
2024-01-15 17:21:24,749 [ERROR] LogOutputStream:75 - [STDERR_REDIRECT] SLF4J: Defaulting to no-operation (NOP) logger implementation
2024-01-15 17:21:24,750 [ERROR] LogOutputStream:75 - [STDERR_REDIRECT] SLF4J: See http://www.slf4j.org/codes.html#StaticLoggerBinder for further details.
2024-01-15 19:32:17,563 [ERROR] LogOutputStream:75 - [STDERR_REDIRECT] 
2024-01-15 19:39:53,305 [INFO] Activator:176 - 


2024-01-15 19:39:53,307 [INFO] Activator:177 - !SESSION log4j initialized
2024-01-15 19:40:05,675 [INFO] LogOutputStream:77 - [STDOUT_REDIRECT] 
2024-01-15 19:40:06,654 [ERROR] LogOutputStream:75 - [STDERR_REDIRECT] 
2024-01-15 19:40:07,516 [INFO] LogOutputStream:77 - [STDOUT_REDIRECT] 
2024-01-15 19:40:08,126 [INFO] ApplicationProperties:184 - Using Application install path: /Applications/STM32CubeIDE.app/Contents/Eclipse/plugins/com.st.stm32cube.common.mx_6.9.2.202309101412
2024-01-15 19:40:08,138 [INFO] DbMcusXml:78 - Set database path to: /Applications/STM32CubeIDE.app/Contents/Eclipse/plugins/com.st.stm32cube.common.mx_6.9.2.202309101412//db//mcu/
2024-01-15 19:40:08,138 [INFO] ApiDb:274 - Set plugin database path to: /Applications/STM32CubeIDE.app/Contents/Eclipse/plugins/com.st.stm32cube.common.mx_6.9.2.202309101412//db//plugins/boardmanager/
2024-01-15 19:40:08,139 [WARN] ApiDb:259 - Overriding images path with different value:  => /Applications/STM32CubeIDE.app/Contents/Eclipse/plugins/com.st.stm32cube.common.mx_6.9.2.202309101412//db//plugins/mcufinder/images/
2024-01-15 19:40:08,155 [INFO] ApiDb:250 - Set database path to: /Users/jourdanrampoldi/.stmcufinder/plugins/mcufinder//mcu/
2024-01-15 19:40:08,157 [INFO] DbMcusAds:125 - Set database path to: /Users/jourdanrampoldi/.stmcufinder/plugins/mcufinder//mcu/
2024-01-15 19:40:08,158 [INFO] CrossReferenceDbSqlite:203 - Set database path to: /Users/jourdanrampoldi/.stmcufinder/plugins/mcufinder//mcu/cs/
2024-01-15 19:40:08,283 [INFO] RulesReader:64 - Compatibility file has been processed (293 Rules)
2024-01-15 19:40:08,343 [INFO] DbMcusXml:78 - Set database path to: /Applications/STM32CubeIDE.app/Contents/Eclipse/plugins/com.st.stm32cube.common.mx_6.9.2.202309101412//db//mcu/
2024-01-15 19:40:08,344 [INFO] ApiDb:274 - Set plugin database path to: /Applications/STM32CubeIDE.app/Contents/Eclipse/plugins/com.st.stm32cube.common.mx_6.9.2.202309101412//db//plugins/boardmanager/
2024-01-15 19:40:08,344 [INFO] ApiDb:261 - Set plugin images path to: /Applications/STM32CubeIDE.app/Contents/Eclipse/plugins/com.st.stm32cube.common.mx_6.9.2.202309101412//db//plugins/mcufinder/images/
2024-01-15 19:40:08,344 [WARN] DbFile:41 - Overriding database path with different value: /Users/jourdanrampoldi/.stmcufinder/plugins/mcufinder/ => /Users/jourdanrampoldi/.stmcufinder/plugins/mcufinder
2024-01-15 19:40:08,344 [INFO] ApiDb:250 - Set database path to: /Users/jourdanrampoldi/.stmcufinder/plugins/mcufinder//mcu/
2024-01-15 19:40:08,344 [WARN] DbFile:41 - Overriding database path with different value: /Users/jourdanrampoldi/.stmcufinder/plugins/mcufinder/ => /Users/jourdanrampoldi/.stmcufinder/plugins/mcufinder
2024-01-15 19:40:08,344 [INFO] DbMcusAds:125 - Set database path to: /Users/jourdanrampoldi/.stmcufinder/plugins/mcufinder//mcu/
2024-01-15 19:40:08,344 [WARN] DbFile:41 - Overriding database path with different value: /Users/jourdanrampoldi/.stmcufinder/plugins/mcufinder/ => /Users/jourdanrampoldi/.stmcufinder/plugins/mcufinder
2024-01-15 19:40:08,344 [WARN] DbFile:41 - Overriding database path with different value: /Users/jourdanrampoldi/.stmcufinder/plugins/mcufinder/ => /Users/jourdanrampoldi/.stmcufinder/plugins/mcufinder
2024-01-15 19:40:08,344 [INFO] CrossReferenceDbSqlite:203 - Set database path to: /Users/jourdanrampoldi/.stmcufinder/plugins/mcufinder//mcu/cs/
2024-01-15 19:40:08,417 [INFO] MainPanel:262 - HeapMemory: 268435456
2024-01-15 19:40:08,496 [INFO] DbMcusXml:78 - Set database path to: /Applications/STM32CubeIDE.app/Contents/Eclipse/plugins/com.st.stm32cube.common.mx_6.9.2.202309101412//db//mcu/
2024-01-15 19:40:08,496 [INFO] ApiDb:274 - Set plugin database path to: /Applications/STM32CubeIDE.app/Contents/Eclipse/plugins/com.st.stm32cube.common.mx_6.9.2.202309101412//db//plugins/boardmanager/
2024-01-15 19:40:08,496 [INFO] ApiDb:261 - Set plugin images path to: /Applications/STM32CubeIDE.app/Contents/Eclipse/plugins/com.st.stm32cube.common.mx_6.9.2.202309101412//db//plugins/mcufinder/images/
2024-01-15 19:40:08,497 [WARN] DbFile:41 - Overriding database path with different value: /Users/jourdanrampoldi/.stmcufinder/plugins/mcufinder/ => /Users/jourdanrampoldi/.stmcufinder/plugins/mcufinder
2024-01-15 19:40:08,497 [INFO] ApiDb:250 - Set database path to: /Users/jourdanrampoldi/.stmcufinder/plugins/mcufinder//mcu/
2024-01-15 19:40:08,497 [WARN] DbFile:41 - Overriding database path with different value: /Users/jourdanrampoldi/.stmcufinder/plugins/mcufinder/ => /Users/jourdanrampoldi/.stmcufinder/plugins/mcufinder
2024-01-15 19:40:08,497 [INFO] DbMcusAds:125 - Set database path to: /Users/jourdanrampoldi/.stmcufinder/plugins/mcufinder//mcu/
2024-01-15 19:40:08,497 [WARN] DbFile:41 - Overriding database path with different value: /Users/jourdanrampoldi/.stmcufinder/plugins/mcufinder/ => /Users/jourdanrampoldi/.stmcufinder/plugins/mcufinder
2024-01-15 19:40:08,497 [WARN] DbFile:41 - Overriding database path with different value: /Users/jourdanrampoldi/.stmcufinder/plugins/mcufinder/ => /Users/jourdanrampoldi/.stmcufinder/plugins/mcufinder
2024-01-15 19:40:08,497 [INFO] CrossReferenceDbSqlite:203 - Set database path to: /Users/jourdanrampoldi/.stmcufinder/plugins/mcufinder//mcu/cs/
2024-01-15 19:40:08,517 [INFO] ApplicationProperties:184 - Using Application install path: /Applications/STM32CubeIDE.app/Contents/Eclipse/plugins/com.st.stm32cube.common.mx_6.9.2.202309101412
2024-01-15 19:40:08,519 [INFO] PluginManage:196 - Search for loadable plugins [exclusion list=, ]
2024-01-15 19:40:08,522 [INFO] PluginManage:310 - Check plugin analytics
2024-01-15 19:40:08,683 [INFO] AnalyticsPlugin:253 - Accepted Software Licenses: 
2024-01-15 19:40:08,686 [INFO] AnalyticsPlugin:255 - Accepted CMSIS Pack Licenses: 
2024-01-15 19:40:08,686 [INFO] AnalyticsPlugin:257 - Accepted Firmware Licenses: 
2024-01-15 19:40:08,690 [INFO] PluginManage:359 - Loaded plugin analytics (category:tool,tabindex:-1)
2024-01-15 19:40:08,691 [INFO] PluginManage:310 - Check plugin cadmodel
2024-01-15 19:40:08,927 [INFO] CADModel:105 - Init CAD model plugin
2024-01-15 19:40:08,928 [INFO] PluginManage:359 - Loaded plugin cadmodel (category:power,tabindex:5)
2024-01-15 19:40:08,928 [INFO] PluginManage:310 - Check plugin clock
2024-01-15 19:40:08,939 [INFO] PluginManage:359 - Loaded plugin clock (category:base,tabindex:2)
2024-01-15 19:40:08,939 [INFO] PluginManage:310 - Check plugin ddr
2024-01-15 19:40:08,940 [INFO] PluginManage:359 - Loaded plugin ddr (category:tool,tabindex:6)
2024-01-15 19:40:08,941 [INFO] PluginManage:310 - Check plugin filemanager
2024-01-15 19:40:09,067 [INFO] PluginManage:359 - Loaded plugin filemanager (category:base,tabindex:10)
2024-01-15 19:40:09,067 [INFO] PluginManage:310 - Check plugin ipmanager
2024-01-15 19:40:09,073 [INFO] PluginManage:359 - Loaded plugin ipmanager (category:base,tabindex:5)
2024-01-15 19:40:09,073 [INFO] PluginManage:310 - Check plugin lpbam
2024-01-15 19:40:09,080 [INFO] PluginManage:359 - Loaded plugin lpbam (category:base,tabindex:0)
2024-01-15 19:40:09,081 [INFO] PluginManage:310 - Check plugin memorymap
2024-01-15 19:40:09,089 [INFO] PluginManage:359 - Loaded plugin memorymap (category:base,tabindex:4)
2024-01-15 19:40:09,089 [INFO] PluginManage:310 - Check plugin pinoutandconfiguration
2024-01-15 19:40:09,093 [INFO] PluginManage:359 - Loaded plugin pinoutandconfiguration (category:base,tabindex:1)
2024-01-15 19:40:09,094 [INFO] PluginManage:310 - Check plugin pinoutconfig
2024-01-15 19:40:09,180 [WARN] SupportedApi:132 - Cannot load RTOS API schema: s4s-elt-must-match.1: The content of 'definitions' must match (annotation?, (simpleType | complexType)?, (unique | key | keyref)*)). A problem was found starting at: attribute.
2024-01-15 19:40:09,321 [INFO] PluginManage:359 - Loaded plugin pinoutconfig (category:base,tabindex:0)
2024-01-15 19:40:09,321 [INFO] PluginManage:310 - Check plugin power
2024-01-15 19:40:09,331 [INFO] PluginManage:359 - Loaded plugin power (category:power,tabindex:4)
2024-01-15 19:40:09,332 [INFO] PluginManage:310 - Check plugin projectmanager
2024-01-15 19:40:09,358 [INFO] PluginManage:359 - Loaded plugin projectmanager (category:projectmanager,tabindex:3)
2024-01-15 19:40:09,358 [INFO] PluginManage:310 - Check plugin thirdparty
2024-01-15 19:40:09,524 [INFO] PluginManage:359 - Loaded plugin thirdparty (category:base,tabindex:-1)
2024-01-15 19:40:09,524 [INFO] PluginManage:310 - Check plugin tools
2024-01-15 19:40:09,524 [WARN] IntegrityCheckThread:84 - waiting for thirdparty lock release [integrity check]
2024-01-15 19:40:09,524 [INFO] IntegrityCheckThread:86 - entering critical section [integrity check]
2024-01-15 19:40:09,527 [INFO] ThirdPartyUpdaterWithRetryManager:70 - Updater plugin not ready yet. [1/15]
2024-01-15 19:40:09,528 [INFO] PluginManage:359 - Loaded plugin tools (category:base,tabindex:7)
2024-01-15 19:40:09,528 [INFO] PluginManage:310 - Check plugin tutovideos
2024-01-15 19:40:09,679 [INFO] PluginManage:359 - Loaded plugin tutovideos (category:base,tabindex:-1)
2024-01-15 19:40:09,680 [INFO] PluginManage:310 - Check plugin updater
2024-01-15 19:40:09,695 [INFO] PluginManage:359 - Loaded plugin updater (category:base,tabindex:12)
2024-01-15 19:40:09,696 [INFO] PluginManage:310 - Check plugin userauth
2024-01-15 19:40:09,701 [INFO] UserAuth:113 - Init User Auth plugin
2024-01-15 19:40:09,702 [INFO] PluginManage:359 - Loaded plugin userauth (category:base,tabindex:14)
2024-01-15 19:40:09,703 [INFO] PluginManage:283 - PluginManage : Loaded plugins [17]
2024-01-15 19:40:09,922 [INFO] PinOutPanel:1499 - setPackage(No Configuration,No Configuration)
2024-01-15 19:40:10,027 [INFO] CADModel:165 - CPN selected for project level
2024-01-15 19:40:10,027 [INFO] CADModel:114 - Register for checkConnection events
2024-01-15 19:40:10,044 [INFO] IPUIPlugin:80 - create IPUIPlugin
2024-01-15 19:40:10,045 [INFO] PluginManager:220 - loadIPPluginJar : add mdma
2024-01-15 19:40:10,052 [INFO] IPUIPlugin:80 - create IPUIPlugin
2024-01-15 19:40:10,052 [INFO] PluginManager:220 - loadIPPluginJar : add freertos
2024-01-15 19:40:10,056 [INFO] IPUIPlugin:80 - create IPUIPlugin
2024-01-15 19:40:10,056 [INFO] PluginManager:220 - loadIPPluginJar : add gic
2024-01-15 19:40:10,064 [INFO] IPUIPlugin:80 - create IPUIPlugin
2024-01-15 19:40:10,064 [INFO] PluginManager:220 - loadIPPluginJar : add adc
2024-01-15 19:40:10,066 [INFO] IPUIPlugin:80 - create IPUIPlugin
2024-01-15 19:40:10,067 [INFO] PluginManager:220 - loadIPPluginJar : add gtzc
2024-01-15 19:40:10,068 [INFO] IPUIPlugin:80 - create IPUIPlugin
2024-01-15 19:40:10,068 [INFO] PluginManager:220 - loadIPPluginJar : add quadspi
2024-01-15 19:40:10,069 [INFO] IPUIPlugin:80 - create IPUIPlugin
2024-01-15 19:40:10,069 [INFO] PluginManager:220 - loadIPPluginJar : add aes
2024-01-15 19:40:10,072 [INFO] IPUIPlugin:80 - create IPUIPlugin
2024-01-15 19:40:10,072 [INFO] PluginManager:220 - loadIPPluginJar : add pdm2pcm
2024-01-15 19:40:10,074 [INFO] IPUIPlugin:80 - create IPUIPlugin
2024-01-15 19:40:10,074 [INFO] PluginManager:220 - loadIPPluginJar : add hash
2024-01-15 19:40:10,076 [INFO] IPUIPlugin:80 - create IPUIPlugin
2024-01-15 19:40:10,076 [INFO] PluginManager:220 - loadIPPluginJar : add tim
2024-01-15 19:40:10,077 [INFO] IPUIPlugin:80 - create IPUIPlugin
2024-01-15 19:40:10,077 [INFO] PluginManager:220 - loadIPPluginJar : add tsc
2024-01-15 19:40:10,078 [INFO] IPUIPlugin:80 - create IPUIPlugin
2024-01-15 19:40:10,078 [INFO] PluginManager:220 - loadIPPluginJar : add ts
2024-01-15 19:40:10,080 [INFO] IPUIPlugin:80 - create IPUIPlugin
2024-01-15 19:40:10,080 [INFO] PluginManager:220 - loadIPPluginJar : add can
2024-01-15 19:40:10,082 [INFO] IPUIPlugin:80 - create IPUIPlugin
2024-01-15 19:40:10,082 [INFO] PluginManager:220 - loadIPPluginJar : add dma3
2024-01-15 19:40:10,083 [INFO] IPUIPlugin:80 - create IPUIPlugin
2024-01-15 19:40:10,083 [INFO] PluginManager:220 - loadIPPluginJar : add dfsdm
2024-01-15 19:40:10,085 [INFO] IPUIPlugin:80 - create IPUIPlugin
2024-01-15 19:40:10,085 [INFO] PluginManager:220 - loadIPPluginJar : add spi
2024-01-15 19:40:10,087 [INFO] IPUIPlugin:80 - create IPUIPlugin
2024-01-15 19:40:10,087 [INFO] PluginManager:220 - loadIPPluginJar : add gfxmmu
2024-01-15 19:40:10,088 [INFO] IPUIPlugin:80 - create IPUIPlugin
2024-01-15 19:40:10,088 [INFO] PluginManager:220 - loadIPPluginJar : add genericplugin
2024-01-15 19:40:10,089 [INFO] IPUIPlugin:80 - create IPUIPlugin
2024-01-15 19:40:10,089 [INFO] PluginManager:220 - loadIPPluginJar : add cryp
2024-01-15 19:40:10,091 [INFO] IPUIPlugin:80 - create IPUIPlugin
2024-01-15 19:40:10,092 [INFO] PluginManager:220 - loadIPPluginJar : add gpio
2024-01-15 19:40:10,093 [INFO] IPUIPlugin:80 - create IPUIPlugin
2024-01-15 19:40:10,094 [INFO] PluginManager:220 - loadIPPluginJar : add comp
2024-01-15 19:40:10,097 [INFO] IPUIPlugin:80 - create IPUIPlugin
2024-01-15 19:40:10,097 [INFO] PluginManager:220 - loadIPPluginJar : add tracer_emb
2024-01-15 19:40:10,100 [INFO] IPUIPlugin:80 - create IPUIPlugin
2024-01-15 19:40:10,101 [INFO] PluginManager:220 - loadIPPluginJar : add openamp
2024-01-15 19:40:10,104 [INFO] IPUIPlugin:80 - create IPUIPlugin
2024-01-15 19:40:10,104 [INFO] PluginManager:220 - loadIPPluginJar : add stm32_wpan
2024-01-15 19:40:10,110 [INFO] IPUIPlugin:80 - create IPUIPlugin
2024-01-15 19:40:10,112 [INFO] PluginManager:220 - loadIPPluginJar : add plateformsettings
2024-01-15 19:40:10,116 [INFO] IPUIPlugin:80 - create IPUIPlugin
2024-01-15 19:40:10,116 [INFO] PluginManager:220 - loadIPPluginJar : add ipddr
2024-01-15 19:40:10,119 [INFO] IPUIPlugin:80 - create IPUIPlugin
2024-01-15 19:40:10,120 [INFO] PluginManager:220 - loadIPPluginJar : add usart
2024-01-15 19:40:10,121 [INFO] IPUIPlugin:80 - create IPUIPlugin
2024-01-15 19:40:10,121 [INFO] PluginManager:220 - loadIPPluginJar : add ltdc
2024-01-15 19:40:10,125 [INFO] IPUIPlugin:80 - create IPUIPlugin
2024-01-15 19:40:10,125 [INFO] PluginManager:220 - loadIPPluginJar : add nvic
2024-01-15 19:40:10,126 [INFO] IPUIPlugin:80 - create IPUIPlugin
2024-01-15 19:40:10,126 [INFO] PluginManager:220 - loadIPPluginJar : add fatfs
2024-01-15 19:40:10,132 [INFO] IPUIPlugin:80 - create IPUIPlugin
2024-01-15 19:40:10,132 [INFO] PluginManager:220 - loadIPPluginJar : add linkedlist
2024-01-15 19:40:10,137 [INFO] IPUIPlugin:80 - create IPUIPlugin
2024-01-15 19:40:10,137 [INFO] PluginManager:220 - loadIPPluginJar : add dma
2024-01-15 19:40:10,141 [INFO] IPUIPlugin:80 - create IPUIPlugin
2024-01-15 19:40:10,141 [INFO] PluginManager:220 - loadIPPluginJar : add fmc
2024-01-15 19:40:10,143 [INFO] IPUIPlugin:80 - create IPUIPlugin
2024-01-15 19:40:10,143 [INFO] PluginManager:220 - loadIPPluginJar : add i2s
2024-01-15 19:40:10,144 [INFO] IPUIPlugin:80 - create IPUIPlugin
2024-01-15 19:40:10,144 [INFO] PluginManager:220 - loadIPPluginJar : add ucpd
2024-01-15 19:40:10,146 [INFO] IPUIPlugin:80 - create IPUIPlugin
2024-01-15 19:40:10,147 [INFO] PluginManager:220 - loadIPPluginJar : add lorawan
2024-01-15 19:40:10,149 [INFO] IPUIPlugin:80 - create IPUIPlugin
2024-01-15 19:40:10,149 [INFO] PluginManager:220 - loadIPPluginJar : add opamp
2024-01-15 19:40:10,151 [INFO] IPUIPlugin:80 - create IPUIPlugin
2024-01-15 19:40:10,151 [INFO] PluginManager:220 - loadIPPluginJar : add i3c
2024-01-15 19:40:10,154 [INFO] IPUIPlugin:80 - create IPUIPlugin
2024-01-15 19:40:10,154 [INFO] PluginManager:220 - loadIPPluginJar : add touchsensing
2024-01-15 19:40:10,158 [INFO] IPUIPlugin:80 - create IPUIPlugin
2024-01-15 19:40:10,159 [INFO] PluginManager:220 - loadIPPluginJar : add i2c
2024-01-15 19:40:10,162 [INFO] IPUIPlugin:80 - create IPUIPlugin
2024-01-15 19:40:10,163 [INFO] PluginManager:220 - loadIPPluginJar : add resmgrutility
2024-01-15 19:40:10,165 [INFO] IPUIPlugin:80 - create IPUIPlugin
2024-01-15 19:40:10,165 [INFO] PluginManager:220 - loadIPPluginJar : add sai
2024-01-15 19:40:10,167 [INFO] IPUIPlugin:80 - create IPUIPlugin
2024-01-15 19:40:10,167 [INFO] PluginManager:220 - loadIPPluginJar : add usbx
2024-01-15 19:40:10,291 [INFO] CADModel:165 - CPN selected for project level
2024-01-15 19:40:10,292 [INFO] CADModel:114 - Register for checkConnection events
2024-01-15 19:40:10,292 [FATAL] Updater:308 - Updater called before beeing initialized
2024-01-15 19:40:10,292 [ERROR] CADModel:125 - Updater not yet initialized, retry later 
2024-01-15 19:40:12,028 [INFO] CADModel:165 - CPN selected for project level
2024-01-15 19:40:12,029 [INFO] CADModel:114 - Register for checkConnection events
2024-01-15 19:40:12,029 [FATAL] Updater:308 - Updater called before beeing initialized
2024-01-15 19:40:12,029 [ERROR] CADModel:125 - Updater not yet initialized, retry later 
2024-01-15 19:40:12,034 [FATAL] Updater:308 - Updater called before beeing initialized
2024-01-15 19:40:12,198 [FATAL] Updater:308 - Updater called before beeing initialized
2024-01-15 19:40:12,207 [INFO] DbMcusAds:53 - JSON generation date=Wed Nov 29 04:52:27 CST 2023 (1701255147349)
2024-01-15 19:40:12,207 [FATAL] Updater:308 - Updater called before beeing initialized
2024-01-15 19:40:12,264 [WARN] DetailPanel:346 - Failed to get advertising image, set to default
2024-01-15 19:40:12,345 [FATAL] Updater:308 - Updater called before beeing initialized
2024-01-15 19:40:12,349 [FATAL] Updater:308 - Updater called before beeing initialized
2024-01-15 19:40:12,349 [FATAL] Updater:308 - Updater called before beeing initialized
2024-01-15 19:40:12,349 [WARN] DetailPanel:346 - Failed to get advertising image, set to default
2024-01-15 19:40:12,353 [FATAL] Updater:308 - Updater called before beeing initialized
2024-01-15 19:40:12,419 [ERROR] Updater:1120 - MainUpdater not yet initialized. External WinMGr cannot be set.
2024-01-15 19:40:12,450 [INFO] Updater:1056 - Updater Version found : 6.9.2
2024-01-15 19:40:12,465 [INFO] ApplicationProperties:184 - Using Application install path: /Applications/STM32CubeIDE.app/Contents/Eclipse/plugins/com.st.stm32cube.common.mx_6.9.2.202309101412
2024-01-15 19:40:12,533 [INFO] ThirdPartyUpdaterWithRetryManager:70 - Updater plugin not ready yet. [2/15]
2024-01-15 19:40:14,528 [INFO] MainUpdater:2868 - connection check result : 10
2024-01-15 19:40:14,531 [INFO] MainUpdater:285 - Updater Check For Update Now.
2024-01-15 19:40:14,533 [INFO] MicroXplorer:498 - Change Database Version : DB.6.0.92
2024-01-15 19:40:14,551 [INFO] McuFinderGlobals:63 - Set McuFinder mode to 2 (CubeIDE integrated)
2024-01-15 19:40:14,551 [INFO] UserAuth:179 - activating auth plugin
2024-01-15 19:40:14,564 [INFO] UserAuth:393 - Internet connection configuration mode: 1
2024-01-15 19:40:14,583 [INFO] JxBrowserEngine:151 - Initiate JxBrowser Engine with user profile folder
2024-01-15 19:40:14,801 [INFO] CheckServerUpdateThread:120 - End of CheckServer Thread
2024-01-15 19:40:15,693 [WARN] PackLoader:240 - Cannot read IP mode file for STMicroelectronics.X-CUBE-SMBUS.2.1.0
2024-01-15 19:40:15,806 [WARN] PackLoader:240 - Cannot read IP mode file for STMicroelectronics.X-CUBE-AZRTOS-F7.1.1.0
2024-01-15 19:40:15,848 [WARN] PackLoader:240 - Cannot read IP mode file for STMicroelectronics.FP-SNS-MOTENV1.4.3.2
2024-01-15 19:40:15,876 [WARN] PackLoader:240 - Cannot read IP mode file for STMicroelectronics.FP-SNS-FLIGHT1.5.0.2
2024-01-15 19:40:15,900 [WARN] PackLoader:240 - Cannot read IP mode file for STMicroelectronics.X-CUBE-DISPLAY.3.0.0
2024-01-15 19:40:15,961 [WARN] PackLoader:240 - Cannot read IP mode file for STMicroelectronics.X-CUBE-BLE1.7.0.0
2024-01-15 19:40:16,055 [WARN] PackLoader:240 - Cannot read IP mode file for emotas.I-CUBE-CANOPEN.1.3.0
2024-01-15 19:40:16,122 [WARN] PackLoader:240 - Cannot read IP mode file for STMicroelectronics.X-CUBE-TOUCHGFX.4.22.0
2024-01-15 19:40:16,127 [WARN] PackLoader:240 - Cannot read IP mode file for STMicroelectronics.X-CUBE-TOUCHGFX.4.22.1
2024-01-15 19:40:16,141 [WARN] PackLoader:240 - Cannot read IP mode file for STMicroelectronics.FP-SNS-SMARTAG2.1.2.0
2024-01-15 19:40:16,167 [INFO] LogOutputStream:77 - [STDOUT_REDIRECT] 1 : Invalid condition id : UX_CORESTACK_Condition cause : null
2024-01-15 19:40:16,170 [INFO] LogOutputStream:77 - [STDOUT_REDIRECT] 1 : Invalid condition id : UX_CORESTACK_Condition cause : null
2024-01-15 19:40:16,170 [INFO] LogOutputStream:77 - [STDOUT_REDIRECT] 1 : Invalid condition id : UX_CORESTACK_Condition cause : null
2024-01-15 19:40:16,170 [INFO] LogOutputStream:77 - [STDOUT_REDIRECT] 1 : Invalid condition id : UX_CORESTACK_Condition cause : null
2024-01-15 19:40:16,170 [INFO] LogOutputStream:77 - [STDOUT_REDIRECT] 1 : Invalid condition id : UX_CORESTACK_Condition cause : null
2024-01-15 19:40:16,181 [WARN] PackLoader:240 - Cannot read IP mode file for STMicroelectronics.X-CUBE-AZRTOS-WL.2.0.0
2024-01-15 19:40:16,202 [WARN] PackLoader:240 - Cannot read IP mode file for WES.I-CUBE-Cesium.1.3.0
2024-01-15 19:40:16,224 [WARN] PackLoader:240 - Cannot read IP mode file for STMicroelectronics.X-CUBE-BLE2.3.3.0
2024-01-15 19:40:16,241 [WARN] PackLoader:240 - Cannot read IP mode file for STMicroelectronics.X-CUBE-ALGOBUILD.1.3.0
2024-01-15 19:40:16,275 [WARN] PackLoader:240 - Cannot read IP mode file for STMicroelectronics.X-CUBE-AZRTOS-G0.1.1.0
2024-01-15 19:40:16,307 [WARN] PackLoader:240 - Cannot read IP mode file for STMicroelectronics.X-CUBE-NFC4.3.0.0
2024-01-15 19:40:16,366 [WARN] PackLoader:240 - Cannot read IP mode file for STMicroelectronics.X-CUBE-BLEMGR.3.0.0
2024-01-15 19:40:16,385 [WARN] PackLoader:240 - Cannot read IP mode file for STMicroelectronics.FP-ATR-SIGFOX1.3.2.0
2024-01-15 19:40:16,458 [WARN] PackLoader:240 - Cannot read IP mode file for SEGGER.I-CUBE-embOS.1.3.1
2024-01-15 19:40:16,574 [WARN] PackLoader:240 - Cannot read IP mode file for STMicroelectronics.X-CUBE-GNSS1.6.0.0
2024-01-15 19:40:16,652 [WARN] PackLoader:240 - Cannot read IP mode file for STMicroelectronics.X-CUBE-AZRTOS-F4.1.1.0
2024-01-15 19:40:16,684 [WARN] PackLoader:240 - Cannot read IP mode file for wolfSSL.I-CUBE-wolfSSL.5.6.3
2024-01-15 19:40:16,732 [WARN] PackLoader:240 - Cannot read IP mode file for STMicroelectronics.X-CUBE-AZRTOS-L5.2.0.0
2024-01-15 19:40:16,940 [WARN] PackLoader:240 - Cannot read IP mode file for STMicroelectronics.X-CUBE-MEMS1.9.6.0
2024-01-15 19:40:17,221 [WARN] PackLoader:240 - Cannot read IP mode file for STMicroelectronics.X-CUBE-EEPRMA1.4.2.0
2024-01-15 19:40:17,239 [WARN] PackLoader:240 - Cannot read IP mode file for ITTIA_DB.I-CUBE-ITTIADB.8.8.0
2024-01-15 19:40:17,261 [WARN] PackLoader:240 - Cannot read IP mode file for STMicroelectronics.X-CUBE-BLEMGR.2.0.0
2024-01-15 19:40:17,304 [WARN] ConditionMgr:438 - getConditionDescription Invalid condition id : UX DEVICE CLASS RTOS Condition cause : null
2024-01-15 19:40:17,306 [WARN] ConditionMgr:438 - getConditionDescription Invalid condition id : UX DEVICE CLASS RTOS Condition cause : null
2024-01-15 19:40:17,312 [WARN] PackLoader:240 - Cannot read IP mode file for STMicroelectronics.X-CUBE-AZRTOS-H7.3.1.0
2024-01-15 19:40:17,315 [WARN] ConditionMgr:1039 - genDependencies : Invalid condition id : UX DEVICE CLASS RTOS Condition cause : null
2024-01-15 19:40:17,316 [WARN] ConditionMgr:1039 - genDependencies : Invalid condition id : UX DEVICE CLASS RTOS Condition cause : null
2024-01-15 19:40:17,317 [WARN] ConditionMgr:1039 - genDependencies : Invalid condition id : UX DEVICE CLASS RTOS Condition cause : null
2024-01-15 19:40:17,318 [WARN] ConditionMgr:1039 - genDependencies : Invalid condition id : UX DEVICE CLASS RTOS Condition cause : null
2024-01-15 19:40:17,318 [WARN] ConditionMgr:1039 - genDependencies : Invalid condition id : UX DEVICE CLASS RTOS Condition cause : null
2024-01-15 19:40:17,336 [WARN] PackLoader:240 - Cannot read IP mode file for STMicroelectronics.X-CUBE-NFC7.1.0.1
2024-01-15 19:40:17,346 [WARN] PackLoader:240 - Cannot read IP mode file for STMicroelectronics.X-CUBE-NFC6.3.0.0
2024-01-15 19:40:17,361 [WARN] PackLoader:240 - Cannot read IP mode file for STMicroelectronics.X-CUBE-EEPRMA1.4.1.0
2024-01-15 19:40:17,366 [WARN] PackLoader:240 - Cannot read IP mode file for STMicroelectronics.X-CUBE-AI.8.1.0
2024-01-15 19:40:17,387 [WARN] ConditionMgr:438 - getConditionDescription Invalid condition id : LAN8742 Phy interface Condition cause : null
2024-01-15 19:40:17,388 [WARN] PackLoader:240 - Cannot read IP mode file for STMicroelectronics.X-CUBE-AZRTOS-L4.2.0.0
2024-01-15 19:40:17,390 [WARN] ConditionMgr:1039 - genDependencies : Invalid condition id : LAN8742 Phy interface Condition cause : null
2024-01-15 19:40:17,391 [WARN] ConditionMgr:1039 - genDependencies : Invalid condition id : LAN8742 Phy interface Condition cause : null
2024-01-15 19:40:17,392 [WARN] ConditionMgr:1039 - genDependencies : Invalid condition id : LAN8742 Phy interface Condition cause : null
2024-01-15 19:40:17,407 [WARN] PackLoader:240 - Cannot read IP mode file for STMicroelectronics.X-CUBE-SFXS2LP1.4.0.0
2024-01-15 19:40:17,415 [WARN] PackLoader:240 - Cannot read IP mode file for STMicroelectronics.X-CUBE-ISPU.1.1.0
2024-01-15 19:40:17,428 [WARN] ConditionMgr:438 - getConditionDescription Invalid condition id : UX DEVICE CLASS RTOS Condition cause : null
2024-01-15 19:40:17,428 [WARN] ConditionMgr:438 - getConditionDescription Invalid condition id : UX DEVICE CLASS RTOS Condition cause : null
2024-01-15 19:40:17,432 [WARN] PackLoader:240 - Cannot read IP mode file for STMicroelectronics.X-CUBE-AZRTOS-WB.2.0.0
2024-01-15 19:40:17,433 [WARN] ConditionMgr:1039 - genDependencies : Invalid condition id : UX DEVICE CLASS RTOS Condition cause : null
2024-01-15 19:40:17,434 [WARN] ConditionMgr:1039 - genDependencies : Invalid condition id : UX DEVICE CLASS RTOS Condition cause : null
2024-01-15 19:40:17,434 [WARN] ConditionMgr:1039 - genDependencies : Invalid condition id : UX DEVICE CLASS RTOS Condition cause : null
2024-01-15 19:40:17,435 [WARN] ConditionMgr:1039 - genDependencies : Invalid condition id : UX DEVICE CLASS RTOS Condition cause : null
2024-01-15 19:40:17,436 [WARN] ConditionMgr:1039 - genDependencies : Invalid condition id : UX DEVICE CLASS RTOS Condition cause : null
2024-01-15 19:40:17,453 [WARN] PackLoader:240 - Cannot read IP mode file for STMicroelectronics.X-CUBE-SUBG2.5.0.0
2024-01-15 19:40:17,473 [WARN] PackLoader:240 - Cannot read IP mode file for STMicroelectronics.X-CUBE-TOF1.3.3.1
2024-01-15 19:40:17,497 [WARN] PackLoader:240 - Cannot read IP mode file for STMicroelectronics.X-CUBE-AZRTOS-G4.2.0.0
2024-01-15 19:40:17,515 [WARN] PackLoader:240 - Cannot read IP mode file for Infineon.AIROC-Wi-Fi-Bluetooth-STM32.1.5.1
2024-01-15 19:40:17,522 [WARN] PackLoader:240 - Cannot read IP mode file for STMicroelectronics.FP-SNS-MOTENVWB1.1.3.0
2024-01-15 19:40:17,575 [WARN] PackLoader:240 - Cannot read IP mode file for STMicroelectronics.X-CUBE-MEMS1.10.0.0
2024-01-15 19:40:17,678 [WARN] PackLoader:240 - Cannot read IP mode file for STMicroelectronics.X-CUBE-FREERTOS.1.1.0
2024-01-15 19:40:17,688 [WARN] PackLoader:240 - Cannot read IP mode file for portGmbH.I-Cube-SoM-uGOAL.1.1.0
2024-01-15 19:40:17,698 [WARN] PackLoader:240 - Cannot read IP mode file for STMicroelectronics.X-CUBE-ALS.1.0.1
2024-01-15 19:40:17,777 [WARN] PackLoader:240 - Cannot read IP mode file for STMicroelectronics.FP-ATR-ASTRA1.2.0.0
2024-01-15 19:40:17,787 [INFO] ThirdParty:978 - Integrity check success = true
2024-01-15 19:40:17,787 [INFO] IntegrityCheckThread:100 - exiting critical section [integrity check]
2024-01-15 19:40:17,787 [INFO] IntegrityCheckThread:103 - End integrity checks thread
2024-01-15 19:40:19,224 [INFO] WebApp:157 - Instantiating new browser for Auth
2024-01-15 19:40:20,364 [INFO] WebApp:753 - Register for checkConnection events
2024-01-15 19:40:20,365 [INFO] WebApp:390 - Apply proxy settings
2024-01-15 19:40:20,374 [INFO] WebApp:455 - Chromium authenticates against System proxy
2024-01-15 19:40:20,552 [INFO] WebApp:188 - Starting web application
2024-01-15 19:40:20,553 [INFO] WebApp:520 - Web application path used /Applications/STM32CubeIDE.app/Contents/Eclipse/plugins/com.st.stm32cube.common.mx_6.9.2.202309101412/db/plugins/mcufinder/reactClient1/index.html
2024-01-15 19:40:27,461 [ERROR] LogOutputStream:75 - [STDERR_REDIRECT] SLF4J: Failed to load class "org.slf4j.impl.StaticLoggerBinder".
2024-01-15 19:40:27,464 [ERROR] LogOutputStream:75 - [STDERR_REDIRECT] SLF4J: Defaulting to no-operation (NOP) logger implementation
2024-01-15 19:40:27,465 [ERROR] LogOutputStream:75 - [STDERR_REDIRECT] SLF4J: See http://www.slf4j.org/codes.html#StaticLoggerBinder for further details.
2024-01-15 20:21:21,791 [ERROR] LogOutputStream:75 - [STDERR_REDIRECT] 
